                                 Started job on |	May 17 16:41:44
                             Started mapping on |	May 17 16:47:56
                                    Finished on |	May 17 17:57:29
       Mapping speed, Million of reads per hour |	85.76

                          Number of input reads |	99405975
                      Average input read length |	195
                                    UNIQUE READS:
                   Uniquely mapped reads number |	92190147
                        Uniquely mapped reads % |	92.74%
                          Average mapped length |	193.87
                       Number of splices: Total |	47508921
            Number of splices: Annotated (sjdb) |	45804106
                       Number of splices: GT/AG |	46900156
                       Number of splices: GC/AG |	374373
                       Number of splices: AT/AC |	37913
               Number of splices: Non-canonical |	196479
                      Mismatch rate per base, % |	0.79%
                         Deletion rate per base |	0.06%
                        Deletion average length |	2.04
                        Insertion rate per base |	0.04%
                       Insertion average length |	2.04
                             MULTI-MAPPING READS:
        Number of reads mapped to multiple loci |	3889695
             % of reads mapped to multiple loci |	3.91%
        Number of reads mapped to too many loci |	187051
             % of reads mapped to too many loci |	0.19%
                                  UNMAPPED READS:
       % of reads unmapped: too many mismatches |	0.00%
                 % of reads unmapped: too short |	3.09%
                     % of reads unmapped: other |	0.07%
                                  CHIMERIC READS:
                       Number of chimeric reads |	0
                            % of chimeric reads |	0.00%
