                                 Started job on |	May 16 15:32:17
                             Started mapping on |	May 16 15:33:33
                                    Finished on |	May 16 18:29:43
       Mapping speed, Million of reads per hour |	32.72

                          Number of input reads |	96063227
                      Average input read length |	195
                                    UNIQUE READS:
                   Uniquely mapped reads number |	86314791
                        Uniquely mapped reads % |	89.85%
                          Average mapped length |	193.54
                       Number of splices: Total |	43202325
            Number of splices: Annotated (sjdb) |	41577278
                       Number of splices: GT/AG |	42646130
                       Number of splices: GC/AG |	342835
                       Number of splices: AT/AC |	34300
               Number of splices: Non-canonical |	179060
                      Mismatch rate per base, % |	0.79%
                         Deletion rate per base |	0.05%
                        Deletion average length |	2.05
                        Insertion rate per base |	0.04%
                       Insertion average length |	2.02
                             MULTI-MAPPING READS:
        Number of reads mapped to multiple loci |	6515647
             % of reads mapped to multiple loci |	6.78%
        Number of reads mapped to too many loci |	301671
             % of reads mapped to too many loci |	0.31%
                                  UNMAPPED READS:
       % of reads unmapped: too many mismatches |	0.00%
                 % of reads unmapped: too short |	2.96%
                     % of reads unmapped: other |	0.09%
                                  CHIMERIC READS:
                       Number of chimeric reads |	0
                            % of chimeric reads |	0.00%
