                                 Started job on |	May 17 16:41:42
                             Started mapping on |	May 17 16:47:56
                                    Finished on |	May 17 17:59:13
       Mapping speed, Million of reads per hour |	95.67

                          Number of input reads |	113660849
                      Average input read length |	195
                                    UNIQUE READS:
                   Uniquely mapped reads number |	104535964
                        Uniquely mapped reads % |	91.97%
                          Average mapped length |	193.80
                       Number of splices: Total |	50376062
            Number of splices: Annotated (sjdb) |	48593484
                       Number of splices: GT/AG |	49725530
                       Number of splices: GC/AG |	414268
                       Number of splices: AT/AC |	38385
               Number of splices: Non-canonical |	197879
                      Mismatch rate per base, % |	0.78%
                         Deletion rate per base |	0.05%
                        Deletion average length |	2.02
                        Insertion rate per base |	0.04%
                       Insertion average length |	2.02
                             MULTI-MAPPING READS:
        Number of reads mapped to multiple loci |	5244336
             % of reads mapped to multiple loci |	4.61%
        Number of reads mapped to too many loci |	221403
             % of reads mapped to too many loci |	0.19%
                                  UNMAPPED READS:
       % of reads unmapped: too many mismatches |	0.00%
                 % of reads unmapped: too short |	3.12%
                     % of reads unmapped: other |	0.10%
                                  CHIMERIC READS:
                       Number of chimeric reads |	0
                            % of chimeric reads |	0.00%
