                                 Started job on |	May 16 19:17:21
                             Started mapping on |	May 16 19:23:15
                                    Finished on |	May 16 21:17:08
       Mapping speed, Million of reads per hour |	51.76

                          Number of input reads |	98249502
                      Average input read length |	195
                                    UNIQUE READS:
                   Uniquely mapped reads number |	91886545
                        Uniquely mapped reads % |	93.52%
                          Average mapped length |	194.04
                       Number of splices: Total |	45188873
            Number of splices: Annotated (sjdb) |	43512804
                       Number of splices: GT/AG |	44591429
                       Number of splices: GC/AG |	365368
                       Number of splices: AT/AC |	38038
               Number of splices: Non-canonical |	194038
                      Mismatch rate per base, % |	0.79%
                         Deletion rate per base |	0.06%
                        Deletion average length |	2.07
                        Insertion rate per base |	0.04%
                       Insertion average length |	2.07
                             MULTI-MAPPING READS:
        Number of reads mapped to multiple loci |	2639823
             % of reads mapped to multiple loci |	2.69%
        Number of reads mapped to too many loci |	128482
             % of reads mapped to too many loci |	0.13%
                                  UNMAPPED READS:
       % of reads unmapped: too many mismatches |	0.00%
                 % of reads unmapped: too short |	3.58%
                     % of reads unmapped: other |	0.07%
                                  CHIMERIC READS:
                       Number of chimeric reads |	0
                            % of chimeric reads |	0.00%
