                                 Started job on |	May 16 18:49:04
                             Started mapping on |	May 16 19:01:02
                                    Finished on |	May 16 20:43:32
       Mapping speed, Million of reads per hour |	58.28

                          Number of input reads |	99566728
                      Average input read length |	195
                                    UNIQUE READS:
                   Uniquely mapped reads number |	93719778
                        Uniquely mapped reads % |	94.13%
                          Average mapped length |	193.85
                       Number of splices: Total |	48778750
            Number of splices: Annotated (sjdb) |	46960344
                       Number of splices: GT/AG |	48150941
                       Number of splices: GC/AG |	390791
                       Number of splices: AT/AC |	39288
               Number of splices: Non-canonical |	197730
                      Mismatch rate per base, % |	0.80%
                         Deletion rate per base |	0.06%
                        Deletion average length |	2.05
                        Insertion rate per base |	0.04%
                       Insertion average length |	2.03
                             MULTI-MAPPING READS:
        Number of reads mapped to multiple loci |	2462101
             % of reads mapped to multiple loci |	2.47%
        Number of reads mapped to too many loci |	153339
             % of reads mapped to too many loci |	0.15%
                                  UNMAPPED READS:
       % of reads unmapped: too many mismatches |	0.00%
                 % of reads unmapped: too short |	3.15%
                     % of reads unmapped: other |	0.10%
                                  CHIMERIC READS:
                       Number of chimeric reads |	0
                            % of chimeric reads |	0.00%
