           Time    Speed        Read     Read   Mapped   Mapped   Mapped   Mapped Unmapped Unmapped Unmapped Unmapped
                    M/hr      number   length   unique   length   MMrate    multi   multi+       MM    short    other
May 16 19:11:16      4.9      112294      195    93.4%    194.0     0.8%     3.2%     0.1%     0.0%     3.2%     0.0%
May 16 19:12:16     53.3     2117339      195    93.3%    193.9     0.9%     3.2%     0.1%     0.0%     3.3%     0.0%
May 16 19:13:24     66.5     3896558      195    93.3%    193.9     0.8%     3.2%     0.1%     0.0%     3.3%     0.0%
May 16 19:15:00     77.0     6564937      195    93.3%    193.9     0.8%     3.2%     0.1%     0.0%     3.3%     0.0%
May 16 19:16:00     89.5     9122197      195    93.3%    194.0     0.8%     3.2%     0.1%     0.0%     3.3%     0.0%
May 16 19:17:06     81.4     9789792      195    93.3%    194.0     0.8%     3.2%     0.1%     0.0%     3.3%     0.0%
May 16 19:18:17     85.8    12006935      195    93.3%    193.9     0.8%     3.2%     0.1%     0.0%     3.3%     0.0%
May 16 19:19:23     88.4    14001411      195    93.3%    193.9     0.8%     3.2%     0.1%     0.0%     3.3%     0.0%
May 16 19:20:24     88.7    15552331      195    93.3%    193.9     0.8%     3.2%     0.1%     0.0%     3.3%     0.0%
May 16 19:21:31     89.4    17324922      195    93.3%    193.9     0.8%     3.2%     0.1%     0.0%     3.3%     0.0%
May 16 19:22:31     91.2    19208400      195    93.3%    193.9     0.8%     3.2%     0.1%     0.0%     3.3%     0.0%
May 16 19:23:32     90.3    20538172      195    93.3%    193.9     0.8%     3.2%     0.1%     0.0%     3.3%     0.1%
May 16 19:24:52     89.8    22421847      195    93.3%    193.9     0.8%     3.2%     0.1%     0.0%     3.3%     0.1%
May 16 19:25:53     92.4    24637466      195    93.3%    193.9     0.8%     3.2%     0.1%     0.0%     3.3%     0.1%
May 16 19:26:55     92.2    26188614      195    93.3%    193.9     0.8%     3.2%     0.1%     0.0%     3.3%     0.1%
May 16 19:28:07     89.8    27296745      195    93.3%    193.9     0.8%     3.2%     0.1%     0.0%     3.3%     0.1%
May 16 19:29:17     92.0    29734018      195    93.3%    193.9     0.8%     3.2%     0.1%     0.0%     3.3%     0.1%
May 16 19:30:32     87.7    30177052      195    93.3%    193.9     0.8%     3.2%     0.1%     0.0%     3.3%     0.1%
May 16 19:31:35     88.6    32060753      195    93.3%    193.9     0.8%     3.2%     0.1%     0.0%     3.3%     0.1%
May 16 19:32:40     86.8    32947575      195    93.3%    193.9     0.8%     3.2%     0.1%     0.0%     3.3%     0.1%
May 16 19:33:50     85.6    34165670      195    93.3%    193.9     0.8%     3.2%     0.1%     0.0%     3.3%     0.1%
May 16 19:34:50     87.8    36492397      195    93.3%    193.9     0.8%     3.2%     0.1%     0.0%     3.3%     0.1%
May 16 19:36:02     84.5    36824909      195    93.3%    193.9     0.8%     3.2%     0.1%     0.0%     3.3%     0.1%
May 16 19:37:02     85.1    38486768      195    93.3%    193.9     0.8%     3.2%     0.1%     0.0%     3.3%     0.1%
May 16 19:38:09     82.9    39040448      195    93.3%    193.9     0.8%     3.2%     0.1%     0.0%     3.3%     0.1%
May 16 19:39:47     82.8    41256003      195    93.3%    194.0     0.8%     3.2%     0.1%     0.0%     3.3%     0.1%
May 16 19:40:48     82.9    42696215      195    93.3%    194.0     0.8%     3.2%     0.1%     0.0%     3.3%     0.1%
May 16 19:41:51     81.4    43360838      195    93.3%    194.0     0.8%     3.2%     0.1%     0.0%     3.3%     0.1%
May 16 19:42:54     82.6    45465682      195    93.3%    194.0     0.8%     3.2%     0.1%     0.0%     3.3%     0.1%
May 16 19:43:57     81.4    46241506      195    93.4%    194.0     0.8%     3.2%     0.1%     0.0%     3.3%     0.1%
May 16 19:45:03     81.5    47792166      195    93.4%    194.0     0.8%     3.2%     0.1%     0.0%     3.3%     0.1%
May 16 19:46:03     82.6    49786137      195    93.4%    194.0     0.8%     3.2%     0.1%     0.0%     3.3%     0.1%
May 16 19:47:11     80.6    50118710      195    93.4%    194.0     0.8%     3.2%     0.1%     0.0%     3.3%     0.1%
May 16 19:48:11     81.1    51780002      195    93.4%    194.0     0.8%     3.2%     0.1%     0.0%     3.3%     0.1%
May 16 19:49:13     80.7    52888147      195    93.4%    194.0     0.8%     3.2%     0.1%     0.0%     3.3%     0.1%
May 16 19:50:27     81.3    54992953      195    93.4%    194.0     0.8%     3.2%     0.1%     0.0%     3.3%     0.1%
May 16 19:51:29     81.2    56322547      195    93.4%    194.0     0.8%     3.2%     0.1%     0.0%     3.3%     0.1%
May 16 19:52:37     80.8    57540839      195    93.4%    194.0     0.8%     3.2%     0.1%     0.0%     3.3%     0.1%
May 16 19:53:42     82.1    59977940      195    93.4%    194.0     0.8%     3.2%     0.1%     0.0%     3.3%     0.1%
May 16 19:54:43     81.3    60753801      195    93.4%    194.0     0.8%     3.2%     0.1%     0.0%     3.3%     0.1%
May 16 19:55:47     82.3    62969423      195    93.4%    194.0     0.8%     3.2%     0.1%     0.0%     3.3%     0.1%
May 16 19:56:47     81.5    63744547      195    93.4%    194.0     0.8%     3.2%     0.1%     0.0%     3.3%     0.1%
May 16 19:57:55     81.7    65406411      195    93.4%    194.0     0.8%     3.2%     0.1%     0.0%     3.3%     0.1%
May 16 19:59:08     82.4    67622033      195    93.4%    194.0     0.8%     3.2%     0.1%     0.0%     3.3%     0.1%
May 16 20:00:29     82.4    69505264      195    93.4%    194.0     0.8%     3.2%     0.1%     0.0%     3.3%     0.1%
May 16 20:01:37     83.2    71720870      195    93.4%    194.0     0.8%     3.2%     0.1%     0.0%     3.2%     0.1%
May 16 20:02:38     83.1    73050422      195    93.4%    194.0     0.8%     3.2%     0.1%     0.0%     3.2%     0.1%
May 16 20:03:40     83.5    74823078      195    93.4%    194.0     0.8%     3.2%     0.1%     0.0%     3.2%     0.1%
May 16 20:04:45     84.6    77370795      195    93.4%    194.0     0.8%     3.2%     0.1%     0.0%     3.2%     0.1%
May 16 20:05:48     84.6    78811224      195    93.4%    194.0     0.8%     3.2%     0.1%     0.0%     3.2%     0.1%
May 16 20:06:59     84.6    80472913      195    93.4%    194.0     0.8%     3.2%     0.1%     0.0%     3.2%     0.1%
May 16 20:08:05     85.2    82688469      195    93.4%    194.0     0.8%     3.2%     0.1%     0.0%     3.2%     0.1%
May 16 20:09:09     86.9    85789712      195    93.4%    194.0     0.8%     3.2%     0.1%     0.0%     3.2%     0.1%
May 16 20:10:12     86.2    86676415      195    93.4%    194.0     0.8%     3.2%     0.1%     0.0%     3.2%     0.1%
May 16 20:11:16     87.0    89002468      195    93.4%    194.0     0.8%     3.2%     0.1%     0.0%     3.2%     0.1%
May 16 20:12:16     87.6    91107350      195    93.4%    194.0     0.8%     3.2%     0.1%     0.0%     3.2%     0.1%
May 16 20:49:19     55.5    92002966      195    93.4%    194.0     0.8%     3.2%     0.1%     0.0%     3.2%     0.1%
ALL DONE!
