                                 Started job on |	May 16 18:42:38
                             Started mapping on |	May 16 18:48:12
                                    Finished on |	May 16 20:40:51
       Mapping speed, Million of reads per hour |	54.96

                          Number of input reads |	103195984
                      Average input read length |	195
                                    UNIQUE READS:
                   Uniquely mapped reads number |	96527252
                        Uniquely mapped reads % |	93.54%
                          Average mapped length |	194.04
                       Number of splices: Total |	48618109
            Number of splices: Annotated (sjdb) |	46876542
                       Number of splices: GT/AG |	47994635
                       Number of splices: GC/AG |	390443
                       Number of splices: AT/AC |	38859
               Number of splices: Non-canonical |	194172
                      Mismatch rate per base, % |	0.80%
                         Deletion rate per base |	0.06%
                        Deletion average length |	2.07
                        Insertion rate per base |	0.04%
                       Insertion average length |	2.06
                             MULTI-MAPPING READS:
        Number of reads mapped to multiple loci |	3116045
             % of reads mapped to multiple loci |	3.02%
        Number of reads mapped to too many loci |	149926
             % of reads mapped to too many loci |	0.15%
                                  UNMAPPED READS:
       % of reads unmapped: too many mismatches |	0.00%
                 % of reads unmapped: too short |	3.23%
                     % of reads unmapped: other |	0.07%
                                  CHIMERIC READS:
                       Number of chimeric reads |	0
                            % of chimeric reads |	0.00%
