                                 Started job on |	May 17 16:41:45
                             Started mapping on |	May 17 16:47:56
                                    Finished on |	May 17 17:52:54
       Mapping speed, Million of reads per hour |	91.94

                          Number of input reads |	99552362
                      Average input read length |	195
                                    UNIQUE READS:
                   Uniquely mapped reads number |	93476092
                        Uniquely mapped reads % |	93.90%
                          Average mapped length |	193.61
                       Number of splices: Total |	47067236
            Number of splices: Annotated (sjdb) |	45345431
                       Number of splices: GT/AG |	46456125
                       Number of splices: GC/AG |	380234
                       Number of splices: AT/AC |	37640
               Number of splices: Non-canonical |	193237
                      Mismatch rate per base, % |	0.79%
                         Deletion rate per base |	0.06%
                        Deletion average length |	2.03
                        Insertion rate per base |	0.04%
                       Insertion average length |	1.99
                             MULTI-MAPPING READS:
        Number of reads mapped to multiple loci |	3047011
             % of reads mapped to multiple loci |	3.06%
        Number of reads mapped to too many loci |	150669
             % of reads mapped to too many loci |	0.15%
                                  UNMAPPED READS:
       % of reads unmapped: too many mismatches |	0.00%
                 % of reads unmapped: too short |	2.83%
                     % of reads unmapped: other |	0.06%
                                  CHIMERIC READS:
                       Number of chimeric reads |	0
                            % of chimeric reads |	0.00%
