                                 Started job on |	May 17 16:41:45
                             Started mapping on |	May 17 16:47:56
                                    Finished on |	May 17 17:56:35
       Mapping speed, Million of reads per hour |	98.05

                          Number of input reads |	112190728
                      Average input read length |	195
                                    UNIQUE READS:
                   Uniquely mapped reads number |	102677904
                        Uniquely mapped reads % |	91.52%
                          Average mapped length |	193.78
                       Number of splices: Total |	51109663
            Number of splices: Annotated (sjdb) |	49315114
                       Number of splices: GT/AG |	50444692
                       Number of splices: GC/AG |	412540
                       Number of splices: AT/AC |	40696
               Number of splices: Non-canonical |	211735
                      Mismatch rate per base, % |	0.80%
                         Deletion rate per base |	0.06%
                        Deletion average length |	2.04
                        Insertion rate per base |	0.04%
                       Insertion average length |	2.03
                             MULTI-MAPPING READS:
        Number of reads mapped to multiple loci |	5416042
             % of reads mapped to multiple loci |	4.83%
        Number of reads mapped to too many loci |	187796
             % of reads mapped to too many loci |	0.17%
                                  UNMAPPED READS:
       % of reads unmapped: too many mismatches |	0.00%
                 % of reads unmapped: too short |	3.42%
                     % of reads unmapped: other |	0.07%
                                  CHIMERIC READS:
                       Number of chimeric reads |	0
                            % of chimeric reads |	0.00%
