                                 Started job on |	May 16 15:31:43
                             Started mapping on |	May 16 15:32:32
                                    Finished on |	May 16 20:24:22
       Mapping speed, Million of reads per hour |	17.90

                          Number of input reads |	87039334
                      Average input read length |	195
                                    UNIQUE READS:
                   Uniquely mapped reads number |	81209526
                        Uniquely mapped reads % |	93.30%
                          Average mapped length |	193.71
                       Number of splices: Total |	43154552
            Number of splices: Annotated (sjdb) |	41782818
                       Number of splices: GT/AG |	42606585
                       Number of splices: GC/AG |	348549
                       Number of splices: AT/AC |	33103
               Number of splices: Non-canonical |	166315
                      Mismatch rate per base, % |	0.79%
                         Deletion rate per base |	0.05%
                        Deletion average length |	2.05
                        Insertion rate per base |	0.03%
                       Insertion average length |	2.07
                             MULTI-MAPPING READS:
        Number of reads mapped to multiple loci |	3147276
             % of reads mapped to multiple loci |	3.62%
        Number of reads mapped to too many loci |	124181
             % of reads mapped to too many loci |	0.14%
                                  UNMAPPED READS:
       % of reads unmapped: too many mismatches |	0.00%
                 % of reads unmapped: too short |	2.88%
                     % of reads unmapped: other |	0.06%
                                  CHIMERIC READS:
                       Number of chimeric reads |	0
                            % of chimeric reads |	0.00%
