           Time    Speed        Read     Read   Mapped   Mapped   Mapped   Mapped Unmapped Unmapped Unmapped Unmapped
                    M/hr      number   length   unique   length   MMrate    multi   multi+       MM    short    other
May 17 16:49:01    105.0     1895775      195    93.4%    193.8     0.9%     3.3%     0.2%     0.0%     3.0%     0.1%
May 17 16:50:11     74.3     2786576      195    93.4%    193.8     0.9%     3.3%     0.2%     0.0%     3.0%     0.1%
May 17 16:51:40     87.7     5457002      195    93.5%    193.8     0.8%     3.3%     0.2%     0.0%     3.0%     0.1%
May 17 16:52:42     96.7     7682373      195    93.5%    193.8     0.8%     3.3%     0.2%     0.0%     3.0%     0.1%
May 17 16:53:49     86.3     8461037      195    93.5%    193.8     0.8%     3.3%     0.2%     0.0%     3.0%     0.1%
May 17 16:55:02     91.2    10794816      195    93.5%    193.8     0.8%     3.3%     0.2%     0.0%     3.0%     0.1%
May 17 16:56:03     97.0    13124918      195    93.4%    193.8     0.9%     3.3%     0.2%     0.0%     3.0%     0.1%
May 17 16:57:03     89.3    13568197      195    93.4%    193.8     0.9%     3.3%     0.2%     0.0%     3.0%     0.1%
May 17 16:58:05     93.3    15785578      195    93.4%    193.8     0.9%     3.3%     0.2%     0.0%     3.0%     0.1%
May 17 16:59:05     95.1    17670358      195    93.4%    193.8     0.8%     3.3%     0.2%     0.0%     3.0%     0.1%
May 17 17:00:20     90.9    18779108      195    93.4%    193.8     0.8%     3.3%     0.2%     0.0%     3.0%     0.1%
May 17 17:02:01     92.8    21772395      195    93.4%    193.8     0.8%     3.3%     0.2%     0.0%     3.0%     0.1%
May 17 17:03:31     93.6    24322484      195    93.4%    193.8     0.8%     3.3%     0.2%     0.0%     3.0%     0.1%
May 17 17:04:37     95.4    26539868      195    93.4%    193.8     0.8%     3.3%     0.2%     0.0%     3.0%     0.1%
May 17 17:05:39     96.6    28535585      195    93.4%    193.8     0.8%     3.3%     0.2%     0.0%     3.0%     0.1%
May 17 17:06:44     93.2    29200964      195    93.4%    193.8     0.8%     3.3%     0.2%     0.0%     3.0%     0.1%
May 17 17:08:01     95.2    31861908      195    93.5%    193.8     0.8%     3.3%     0.2%     0.0%     3.0%     0.1%
May 17 17:09:02     96.3    33857250      195    93.5%    193.8     0.8%     3.3%     0.2%     0.0%     3.0%     0.1%
May 17 17:10:08     94.2    34855093      195    93.5%    193.8     0.8%     3.3%     0.2%     0.0%     3.0%     0.1%
May 17 17:11:10     93.7    36296739      195    93.5%    193.8     0.8%     3.3%     0.2%     0.0%     3.0%     0.1%
May 17 17:12:30     94.1    38514256      195    93.5%    193.8     0.8%     3.3%     0.2%     0.0%     3.0%     0.1%
May 17 17:13:32     96.5    41174785      195    93.5%    193.8     0.8%     3.3%     0.2%     0.0%     3.0%     0.1%
May 17 17:14:45     95.8    42837952      195    93.5%    193.8     0.8%     3.3%     0.2%     0.0%     3.0%     0.1%
May 17 17:15:54     95.9    44722637      195    93.5%    193.8     0.8%     3.3%     0.2%     0.0%     3.0%     0.1%
May 17 17:16:56     96.9    46829040      195    93.5%    193.8     0.8%     3.3%     0.2%     0.0%     3.0%     0.1%
May 17 17:18:00     95.0    47604779      195    93.5%    193.8     0.8%     3.3%     0.2%     0.0%     3.0%     0.1%
May 17 17:19:12     96.0    50043594      195    93.5%    193.8     0.8%     3.3%     0.2%     0.0%     3.0%     0.1%
May 17 17:20:22     96.9    52371626      195    93.5%    193.8     0.8%     3.3%     0.2%     0.0%     3.0%     0.1%
May 17 17:21:41     95.9    53924006      195    93.5%    193.8     0.8%     3.3%     0.2%     0.0%     3.0%     0.1%
May 17 17:22:43     96.5    55919369      195    93.5%    193.8     0.8%     3.3%     0.2%     0.0%     3.0%     0.1%
May 17 17:23:54     96.2    57693118      195    93.5%    193.8     0.8%     3.3%     0.2%     0.0%     3.0%     0.1%
May 17 17:25:11     96.3    59799026      195    93.5%    193.8     0.8%     3.3%     0.2%     0.0%     3.0%     0.1%
May 17 17:26:14     97.7    62348860      195    93.5%    193.8     0.8%     3.3%     0.2%     0.0%     3.0%     0.1%
May 17 17:27:15     97.9    64122694      195    93.5%    193.8     0.8%     3.3%     0.2%     0.0%     3.0%     0.1%
May 17 17:28:29     96.8    65452762      195    93.5%    193.8     0.8%     3.3%     0.2%     0.0%     3.0%     0.1%
May 17 17:29:38     97.7    67891497      195    93.5%    193.8     0.8%     3.3%     0.2%     0.0%     3.0%     0.1%
May 17 17:30:48     98.1    70108647      195    93.5%    193.8     0.8%     3.3%     0.2%     0.0%     3.0%     0.1%
May 17 17:31:48     99.1    72436646      195    93.5%    193.8     0.8%     3.3%     0.2%     0.0%     3.0%     0.1%
May 17 17:32:51     98.2    73545576      195    93.5%    193.8     0.8%     3.3%     0.2%     0.0%     3.0%     0.1%
May 17 17:34:12     98.5    75984203      195    93.5%    193.9     0.8%     3.3%     0.2%     0.0%     3.0%     0.1%
May 17 17:35:15    100.4    79199180      195    93.5%    193.9     0.8%     3.3%     0.2%     0.0%     3.0%     0.1%
May 17 17:36:17    100.2    80750994      195    93.5%    193.9     0.8%     3.3%     0.2%     0.0%     3.0%     0.1%
May 17 17:37:21    100.1    82413948      195    93.5%    193.9     0.8%     3.3%     0.2%     0.0%     3.0%     0.1%
May 17 17:38:39    101.4    85739643      195    93.5%    193.9     0.8%     3.3%     0.2%     0.0%     3.0%     0.1%
May 17 17:39:40    102.3    88178892      195    93.5%    193.9     0.8%     3.3%     0.2%     0.0%     3.0%     0.1%
May 17 17:40:40    103.1    90617446      195    93.5%    193.9     0.8%     3.3%     0.2%     0.0%     3.0%     0.1%
May 17 17:41:40    104.5    93610255      195    93.5%    193.9     0.8%     3.3%     0.2%     0.0%     3.0%     0.1%
May 17 17:42:40    105.8    96492229      195    93.5%    193.9     0.8%     3.3%     0.2%     0.0%     3.0%     0.1%
May 17 17:43:41    106.7    99153096      195    93.5%    193.9     0.8%     3.3%     0.2%     0.0%     3.0%     0.1%
May 17 17:57:08     89.3   102982726      195    93.5%    193.9     0.8%     3.3%     0.2%     0.0%     2.9%     0.1%
ALL DONE!
