                                 Started job on |	May 22 13:18:18
                             Started mapping on |	May 22 13:18:56
                                    Finished on |	May 22 13:37:17
       Mapping speed, Million of reads per hour |	308.45

                          Number of input reads |	94332844
                      Average input read length |	195
                                    UNIQUE READS:
                   Uniquely mapped reads number |	88429473
                        Uniquely mapped reads % |	93.74%
                          Average mapped length |	193.93
                       Number of splices: Total |	48022764
            Number of splices: Annotated (sjdb) |	46347089
                       Number of splices: GT/AG |	47407517
                       Number of splices: GC/AG |	388523
                       Number of splices: AT/AC |	36610
               Number of splices: Non-canonical |	190114
                      Mismatch rate per base, % |	0.78%
                         Deletion rate per base |	0.05%
                        Deletion average length |	2.06
                        Insertion rate per base |	0.04%
                       Insertion average length |	2.01
                             MULTI-MAPPING READS:
        Number of reads mapped to multiple loci |	2689046
             % of reads mapped to multiple loci |	2.85%
        Number of reads mapped to too many loci |	145575
             % of reads mapped to too many loci |	0.15%
                                  UNMAPPED READS:
       % of reads unmapped: too many mismatches |	0.00%
                 % of reads unmapped: too short |	3.17%
                     % of reads unmapped: other |	0.08%
                                  CHIMERIC READS:
                       Number of chimeric reads |	0
                            % of chimeric reads |	0.00%
