           Time    Speed        Read     Read   Mapped   Mapped   Mapped   Mapped Unmapped Unmapped Unmapped Unmapped
                    M/hr      number   length   unique   length   MMrate    multi   multi+       MM    short    other
May 16 15:33:35    159.2     2785866      195    90.8%    193.8     0.9%     6.1%     0.2%     0.0%     2.8%     0.1%
May 16 15:34:41    127.4     4565925      195    90.8%    193.8     0.8%     6.1%     0.2%     0.0%     2.8%     0.1%
May 16 15:36:02    112.6     6568363      195    90.9%    193.8     0.8%     6.1%     0.2%     0.0%     2.8%     0.1%
May 16 15:37:02    102.4     7680488      195    90.9%    193.8     0.8%     6.1%     0.2%     0.0%     2.8%     0.1%
May 16 15:38:06    102.0     9460513      195    90.9%    193.9     0.8%     6.1%     0.2%     0.0%     2.8%     0.1%
May 16 15:39:11     94.4    10460317      195    90.9%    193.9     0.8%     6.1%     0.2%     0.0%     2.8%     0.1%
May 16 15:40:33     89.1    11902559      195    90.8%    193.8     0.8%     6.1%     0.2%     0.0%     2.9%     0.1%
May 16 15:41:33     86.6    13010642      195    90.8%    193.8     0.8%     6.1%     0.2%     0.0%     2.9%     0.1%
May 16 15:42:38     80.6    13565402      195    90.8%    193.8     0.8%     6.1%     0.2%     0.0%     2.9%     0.1%
May 16 15:43:40     78.5    14562554      195    90.8%    193.8     0.8%     6.1%     0.2%     0.0%     2.9%     0.1%
May 16 15:44:41     79.0    16003678      195    90.8%    193.8     0.8%     6.1%     0.2%     0.0%     2.9%     0.1%
May 16 15:45:44     77.8    17111850      195    90.8%    193.8     0.8%     6.1%     0.2%     0.0%     2.8%     0.1%
May 16 15:46:48     77.6    18441984      195    90.8%    193.8     0.8%     6.1%     0.2%     0.0%     2.8%     0.1%
May 16 15:47:53     77.3    19772398      195    90.8%    193.8     0.8%     6.1%     0.2%     0.0%     2.8%     0.1%
May 16 15:48:55     77.7    21213006      195    90.8%    193.8     0.8%     6.1%     0.2%     0.0%     2.8%     0.1%
May 16 15:49:56     76.2    22099993      195    90.8%    193.8     0.8%     6.1%     0.2%     0.0%     2.8%     0.1%
May 16 15:51:19     73.8    23097625      195    90.8%    193.8     0.8%     6.1%     0.2%     0.0%     2.8%     0.1%
May 16 15:52:20     71.0    23430605      195    90.8%    193.8     0.8%     6.1%     0.2%     0.0%     2.8%     0.1%
May 16 15:53:41     67.7    23873959      195    90.8%    193.8     0.8%     6.1%     0.2%     0.0%     2.8%     0.1%
May 16 15:54:42     67.3    24871004      195    90.8%    193.8     0.8%     6.1%     0.2%     0.0%     2.8%     0.1%
May 16 15:55:49     68.7    26644654      195    90.8%    193.8     0.8%     6.1%     0.2%     0.0%     2.8%     0.1%
May 16 15:57:07     67.2    27531867      195    90.8%    193.8     0.8%     6.1%     0.2%     0.0%     2.8%     0.1%
May 16 15:58:23     65.2    28085799      195    90.8%    193.8     0.8%     6.1%     0.2%     0.0%     2.8%     0.1%
May 16 15:59:24     63.5    28418172      195    90.8%    193.8     0.8%     6.1%     0.2%     0.0%     2.8%     0.1%
May 16 16:00:38     65.2    30524077      195    90.8%    193.8     0.8%     6.1%     0.2%     0.0%     2.8%     0.1%
May 16 16:01:39     66.3    32186951      195    90.8%    193.8     0.8%     6.1%     0.2%     0.0%     2.8%     0.1%
May 16 16:02:40     67.6    33960824      195    90.8%    193.8     0.8%     6.1%     0.2%     0.0%     2.8%     0.1%
May 16 16:03:40     67.8    35180329      195    90.8%    193.8     0.8%     6.1%     0.2%     0.0%     2.8%     0.1%
May 16 16:04:46     68.8    36953488      195    90.8%    193.8     0.8%     6.1%     0.2%     0.0%     2.8%     0.1%
May 16 16:05:46     68.5    37951194      195    90.8%    193.8     0.8%     6.1%     0.2%     0.0%     2.8%     0.1%
May 16 16:06:51     69.6    39835512      195    90.8%    193.8     0.8%     6.1%     0.2%     0.0%     2.8%     0.1%
May 16 16:07:52     69.5    40943495      195    90.8%    193.8     0.8%     6.1%     0.2%     0.0%     2.8%     0.1%
May 16 16:09:02     69.5    42273741      195    90.8%    193.8     0.8%     6.1%     0.2%     0.0%     2.8%     0.1%
May 16 16:10:05     70.2    43936462      195    90.8%    193.8     0.8%     6.1%     0.2%     0.0%     2.8%     0.1%
May 16 16:11:07     70.6    45377274      195    90.8%    193.8     0.8%     6.1%     0.2%     0.0%     2.8%     0.1%
May 16 16:12:07     71.5    47150288      195    90.8%    193.9     0.8%     6.1%     0.2%     0.0%     2.8%     0.1%
May 16 16:13:08     71.5    48369808      195    90.8%    193.9     0.8%     6.1%     0.2%     0.0%     2.8%     0.1%
May 16 16:14:15     71.3    49589280      195    90.8%    193.9     0.8%     6.1%     0.2%     0.0%     2.8%     0.1%
May 16 16:15:16     71.6    51029720      195    90.8%    193.9     0.8%     6.1%     0.2%     0.0%     2.8%     0.1%
May 16 16:16:29     72.4    53024710      195    90.8%    193.9     0.8%     6.1%     0.2%     0.0%     2.8%     0.1%
May 16 16:17:32     72.5    54354676      195    90.8%    193.9     0.8%     6.1%     0.2%     0.0%     2.8%     0.1%
May 16 16:18:34     73.3    56238809      195    90.8%    193.9     0.8%     6.1%     0.2%     0.0%     2.8%     0.1%
May 16 16:19:37     74.1    58122954      195    90.8%    193.9     0.8%     6.1%     0.2%     0.0%     2.8%     0.1%
May 16 16:20:37     74.6    59785728      195    90.8%    193.9     0.8%     6.1%     0.2%     0.0%     2.8%     0.1%
May 16 16:21:45     74.4    61004509      195    90.8%    193.9     0.8%     6.1%     0.2%     0.0%     2.8%     0.1%
May 16 16:22:50     74.4    62334713      195    90.8%    193.9     0.8%     6.1%     0.2%     0.0%     2.8%     0.1%
May 16 16:23:51     74.4    63664921      195    90.8%    193.9     0.8%     6.1%     0.2%     0.0%     2.8%     0.1%
May 16 16:24:51     74.7    65105254      195    90.8%    193.9     0.8%     6.1%     0.2%     0.0%     2.8%     0.1%
May 16 16:25:52     74.7    66435456      195    90.8%    193.9     0.8%     6.1%     0.2%     0.0%     2.8%     0.1%
May 16 16:26:53     75.1    67987306      195    90.8%    193.9     0.8%     6.1%     0.2%     0.0%     2.8%     0.1%
May 16 16:27:53     74.9    69095153      195    90.8%    193.9     0.8%     6.1%     0.2%     0.0%     2.8%     0.1%
May 16 16:28:54     74.6    70093025      195    90.8%    193.9     0.8%     6.1%     0.2%     0.0%     2.8%     0.1%
May 16 16:29:57     74.4    71201162      195    90.8%    193.9     0.8%     6.1%     0.2%     0.0%     2.8%     0.1%
May 16 16:30:58     74.7    72752840      195    90.8%    193.9     0.8%     6.1%     0.2%     0.0%     2.8%     0.1%
May 16 16:32:01     74.3    73639931      195    90.8%    193.9     0.8%     6.1%     0.2%     0.0%     2.8%     0.1%
May 16 16:33:05     74.3    74969402      195    90.8%    193.9     0.8%     6.1%     0.2%     0.0%     2.8%     0.1%
May 16 16:34:08     74.2    76188800      195    90.8%    193.9     0.8%     6.1%     0.2%     0.0%     2.8%     0.1%
May 16 16:35:12     74.1    77408124      195    90.8%    193.9     0.8%     6.1%     0.2%     0.0%     2.8%     0.1%
May 16 16:36:16     73.8    78405448      195    90.8%    193.9     0.8%     6.1%     0.2%     0.0%     2.8%     0.1%
May 16 16:37:17     73.7    79513907      195    90.8%    193.9     0.8%     6.1%     0.2%     0.0%     2.8%     0.1%
May 16 16:38:18     73.2    80289673      195    90.8%    193.9     0.8%     6.1%     0.2%     0.0%     2.8%     0.1%
May 16 16:39:48     73.1    81952376      195    90.8%    193.9     0.8%     6.1%     0.2%     0.0%     2.8%     0.1%
May 16 16:40:48     73.4    83503828      195    90.8%    193.9     0.8%     6.1%     0.2%     0.0%     2.8%     0.1%
May 16 16:41:49     73.0    84279666      195    90.8%    193.9     0.8%     6.1%     0.2%     0.0%     2.8%     0.1%
May 16 16:42:53     72.8    85388030      195    90.8%    193.9     0.8%     6.1%     0.2%     0.0%     2.8%     0.1%
May 16 16:43:59     72.8    86717644      195    90.8%    193.9     0.8%     6.1%     0.2%     0.0%     2.8%     0.1%
May 16 16:44:59     72.6    87715472      195    90.8%    193.9     0.8%     6.1%     0.2%     0.0%     2.8%     0.1%
May 16 16:46:07     72.4    88823303      195    90.8%    193.9     0.8%     6.1%     0.2%     0.0%     2.8%     0.1%
May 16 16:47:07     72.8    90485868      195    90.8%    193.9     0.8%     6.1%     0.2%     0.0%     2.8%     0.1%
May 16 16:48:09     72.1    90818204      195    90.8%    193.9     0.8%     6.1%     0.2%     0.0%     2.8%     0.1%
May 16 16:49:24     72.0    92259258      195    90.8%    193.9     0.8%     6.1%     0.2%     0.0%     2.8%     0.1%
May 16 16:50:25     72.1    93589380      195    90.8%    193.9     0.8%     6.1%     0.2%     0.0%     2.8%     0.1%
May 16 16:51:27     72.2    94918794      195    90.8%    193.9     0.8%     6.1%     0.2%     0.0%     2.8%     0.1%
May 16 18:04:43     37.5    95183405      195    90.8%    193.9     0.8%     6.1%     0.2%     0.0%     2.8%     0.1%
ALL DONE!
