                                 Started job on |	May 16 20:04:12
                             Started mapping on |	May 16 20:08:29
                                    Finished on |	May 16 21:19:22
       Mapping speed, Million of reads per hour |	86.60

                          Number of input reads |	102312286
                      Average input read length |	195
                                    UNIQUE READS:
                   Uniquely mapped reads number |	96340553
                        Uniquely mapped reads % |	94.16%
                          Average mapped length |	193.76
                       Number of splices: Total |	45112172
            Number of splices: Annotated (sjdb) |	43447176
                       Number of splices: GT/AG |	44512552
                       Number of splices: GC/AG |	373204
                       Number of splices: AT/AC |	36754
               Number of splices: Non-canonical |	189662
                      Mismatch rate per base, % |	0.80%
                         Deletion rate per base |	0.06%
                        Deletion average length |	2.03
                        Insertion rate per base |	0.04%
                       Insertion average length |	2.03
                             MULTI-MAPPING READS:
        Number of reads mapped to multiple loci |	2790909
             % of reads mapped to multiple loci |	2.73%
        Number of reads mapped to too many loci |	156808
             % of reads mapped to too many loci |	0.15%
                                  UNMAPPED READS:
       % of reads unmapped: too many mismatches |	0.00%
                 % of reads unmapped: too short |	2.87%
                     % of reads unmapped: other |	0.09%
                                  CHIMERIC READS:
                       Number of chimeric reads |	0
                            % of chimeric reads |	0.00%
