                                 Started job on |	May 16 15:32:44
                             Started mapping on |	May 16 15:32:49
                                    Finished on |	May 16 18:47:41
       Mapping speed, Million of reads per hour |	33.79

                          Number of input reads |	109744011
                      Average input read length |	195
                                    UNIQUE READS:
                   Uniquely mapped reads number |	103170084
                        Uniquely mapped reads % |	94.01%
                          Average mapped length |	193.89
                       Number of splices: Total |	53807850
            Number of splices: Annotated (sjdb) |	51898073
                       Number of splices: GT/AG |	53126175
                       Number of splices: GC/AG |	426399
                       Number of splices: AT/AC |	43123
               Number of splices: Non-canonical |	212153
                      Mismatch rate per base, % |	0.81%
                         Deletion rate per base |	0.06%
                        Deletion average length |	2.05
                        Insertion rate per base |	0.04%
                       Insertion average length |	2.04
                             MULTI-MAPPING READS:
        Number of reads mapped to multiple loci |	2982584
             % of reads mapped to multiple loci |	2.72%
        Number of reads mapped to too many loci |	167254
             % of reads mapped to too many loci |	0.15%
                                  UNMAPPED READS:
       % of reads unmapped: too many mismatches |	0.00%
                 % of reads unmapped: too short |	3.03%
                     % of reads unmapped: other |	0.09%
                                  CHIMERIC READS:
                       Number of chimeric reads |	0
                            % of chimeric reads |	0.00%
