                                 Started job on |	May 16 18:50:47
                             Started mapping on |	May 16 19:01:02
                                    Finished on |	May 16 20:36:07
       Mapping speed, Million of reads per hour |	54.87

                          Number of input reads |	86950218
                      Average input read length |	195
                                    UNIQUE READS:
                   Uniquely mapped reads number |	81508453
                        Uniquely mapped reads % |	93.74%
                          Average mapped length |	193.97
                       Number of splices: Total |	41658683
            Number of splices: Annotated (sjdb) |	40197451
                       Number of splices: GT/AG |	41123004
                       Number of splices: GC/AG |	338451
                       Number of splices: AT/AC |	33615
               Number of splices: Non-canonical |	163613
                      Mismatch rate per base, % |	0.79%
                         Deletion rate per base |	0.06%
                        Deletion average length |	2.04
                        Insertion rate per base |	0.04%
                       Insertion average length |	2.04
                             MULTI-MAPPING READS:
        Number of reads mapped to multiple loci |	2541979
             % of reads mapped to multiple loci |	2.92%
        Number of reads mapped to too many loci |	113419
             % of reads mapped to too many loci |	0.13%
                                  UNMAPPED READS:
       % of reads unmapped: too many mismatches |	0.00%
                 % of reads unmapped: too short |	3.14%
                     % of reads unmapped: other |	0.07%
                                  CHIMERIC READS:
                       Number of chimeric reads |	0
                            % of chimeric reads |	0.00%
