           Time    Speed        Read     Read   Mapped   Mapped   Mapped   Mapped Unmapped Unmapped Unmapped Unmapped
                    M/hr      number   length   unique   length   MMrate    multi   multi+       MM    short    other
May 17 16:49:07    147.1     2900239      195    93.8%    193.6     0.8%     3.0%     0.2%     0.0%     2.9%     0.1%
May 17 16:50:07    125.6     4570858      195    93.9%    193.6     0.8%     3.0%     0.2%     0.0%     2.9%     0.1%
May 17 16:51:08    135.8     7243285      195    93.9%    193.6     0.8%     3.0%     0.2%     0.0%     2.9%     0.1%
May 17 16:52:08    116.2     8133890      195    93.9%    193.6     0.8%     3.0%     0.2%     0.0%     2.9%     0.1%
May 17 16:53:16    119.0    10581752      195    93.9%    193.6     0.8%     3.0%     0.2%     0.0%     2.9%     0.1%
May 17 16:54:18    121.7    12913653      195    93.8%    193.6     0.8%     3.0%     0.2%     0.0%     2.9%     0.1%
May 17 16:55:21    117.0    14467404      195    93.8%    193.6     0.8%     3.0%     0.2%     0.0%     2.9%     0.1%
May 17 16:56:28    120.4    17130156      195    93.8%    193.6     0.8%     3.0%     0.2%     0.0%     2.9%     0.1%
May 17 16:57:29    120.2    19127406      195    93.8%    193.6     0.8%     3.1%     0.2%     0.0%     2.9%     0.1%
May 17 16:58:36    115.7    20570153      195    93.9%    193.6     0.8%     3.1%     0.2%     0.0%     2.9%     0.1%
May 17 16:59:52    118.5    23566050      195    93.8%    193.6     0.8%     3.1%     0.2%     0.0%     2.9%     0.1%
May 17 17:00:53    123.6    26673184      195    93.9%    193.6     0.8%     3.1%     0.2%     0.0%     2.9%     0.1%
May 17 17:01:56    118.1    27560726      195    93.8%    193.6     0.8%     3.1%     0.2%     0.0%     2.9%     0.1%
May 17 17:02:56    121.3    30334769      195    93.9%    193.6     0.8%     3.1%     0.2%     0.0%     2.9%     0.1%
May 17 17:03:56    122.1    32553919      195    93.9%    193.6     0.8%     3.1%     0.2%     0.0%     2.9%     0.1%
May 17 17:04:57    117.9    33441769      195    93.9%    193.6     0.8%     3.1%     0.2%     0.0%     2.9%     0.1%
May 17 17:06:15    117.5    35883204      195    93.9%    193.6     0.8%     3.1%     0.2%     0.0%     2.9%     0.1%
May 17 17:07:15    121.5    39101304      195    93.9%    193.6     0.8%     3.1%     0.2%     0.0%     2.9%     0.1%
May 17 17:08:15    117.8    39877854      195    93.9%    193.6     0.8%     3.1%     0.2%     0.0%     2.9%     0.1%
May 17 17:09:19    118.1    42096915      195    93.9%    193.6     0.8%     3.1%     0.2%     0.0%     2.9%     0.1%
May 17 17:10:22    118.5    44315911      195    93.9%    193.6     0.8%     3.1%     0.2%     0.0%     2.9%     0.1%
May 17 17:11:25    116.1    45425927      195    93.9%    193.6     0.8%     3.1%     0.2%     0.0%     2.9%     0.1%
May 17 17:12:25    117.6    47977397      195    93.9%    193.6     0.8%     3.1%     0.2%     0.0%     2.9%     0.1%
May 17 17:13:25    117.9    50085682      195    93.9%    193.6     0.8%     3.1%     0.2%     0.0%     2.9%     0.1%
May 17 17:14:28    117.5    51971881      195    93.9%    193.6     0.8%     3.1%     0.2%     0.0%     2.9%     0.1%
May 17 17:15:54    117.2    54634438      195    93.9%    193.6     0.8%     3.1%     0.2%     0.0%     2.9%     0.1%
May 17 17:16:59    117.7    56963994      195    93.9%    193.6     0.8%     3.1%     0.2%     0.0%     2.9%     0.1%
May 17 17:17:59    116.6    58406520      195    93.9%    193.6     0.8%     3.1%     0.2%     0.0%     2.9%     0.1%
May 17 17:19:00    117.7    60958080      195    93.9%    193.6     0.8%     3.1%     0.2%     0.0%     2.9%     0.1%
May 17 17:20:00    118.6    63398948      195    93.9%    193.6     0.8%     3.1%     0.2%     0.0%     2.9%     0.1%
May 17 17:21:03    116.9    64508837      195    93.9%    193.6     0.8%     3.1%     0.2%     0.0%     2.9%     0.1%
May 17 17:22:07    118.1    67282212      195    93.9%    193.6     0.8%     3.1%     0.2%     0.0%     2.8%     0.1%
May 17 17:23:20    118.0    69611989      195    93.9%    193.6     0.8%     3.1%     0.2%     0.0%     2.8%     0.1%
May 17 17:24:22    118.5    71941744      195    93.9%    193.6     0.8%     3.1%     0.2%     0.0%     2.8%     0.1%
May 17 17:25:25    116.8    72940602      195    93.9%    193.6     0.8%     3.1%     0.2%     0.0%     2.8%     0.1%
May 17 17:26:27    117.8    75603373      195    93.9%    193.6     0.8%     3.1%     0.2%     0.0%     2.8%     0.1%
May 17 17:27:34    118.3    78155023      195    93.9%    193.6     0.8%     3.1%     0.2%     0.0%     2.8%     0.1%
May 17 17:28:34    118.2    80041204      195    93.9%    193.6     0.8%     3.1%     0.2%     0.0%     2.8%     0.1%
May 17 17:29:37    117.9    81927462      195    93.9%    193.6     0.8%     3.1%     0.2%     0.0%     2.8%     0.1%
May 17 17:30:59    117.9    84590053      195    93.9%    193.6     0.8%     3.1%     0.2%     0.0%     2.8%     0.1%
May 17 17:32:28    118.8    88140435      195    93.9%    193.6     0.8%     3.1%     0.2%     0.0%     2.8%     0.1%
May 17 17:33:39    119.3    90913709      195    93.9%    193.6     0.8%     3.1%     0.2%     0.0%     2.8%     0.1%
May 17 17:34:39    118.8    92467163      195    93.9%    193.6     0.8%     3.1%     0.2%     0.0%     2.8%     0.1%
May 17 17:35:48    120.1    95795725      195    93.9%    193.6     0.8%     3.1%     0.2%     0.0%     2.8%     0.1%
May 17 17:36:55    120.5    98347392      195    93.9%    193.6     0.8%     3.1%     0.2%     0.0%     2.8%     0.1%
May 17 17:52:54     91.9    99552362      195    93.9%    193.6     0.8%     3.1%     0.2%     0.0%     2.8%     0.1%
ALL DONE!
