                                 Started job on |	May 16 19:13:05
                             Started mapping on |	May 16 19:24:58
                                    Finished on |	May 16 21:11:38
       Mapping speed, Million of reads per hour |	56.48

                          Number of input reads |	100407818
                      Average input read length |	195
                                    UNIQUE READS:
                   Uniquely mapped reads number |	92506316
                        Uniquely mapped reads % |	92.13%
                          Average mapped length |	193.78
                       Number of splices: Total |	48889506
            Number of splices: Annotated (sjdb) |	47274484
                       Number of splices: GT/AG |	48284944
                       Number of splices: GC/AG |	389773
                       Number of splices: AT/AC |	38175
               Number of splices: Non-canonical |	176614
                      Mismatch rate per base, % |	0.79%
                         Deletion rate per base |	0.05%
                        Deletion average length |	2.03
                        Insertion rate per base |	0.04%
                       Insertion average length |	2.01
                             MULTI-MAPPING READS:
        Number of reads mapped to multiple loci |	4440129
             % of reads mapped to multiple loci |	4.42%
        Number of reads mapped to too many loci |	163560
             % of reads mapped to too many loci |	0.16%
                                  UNMAPPED READS:
       % of reads unmapped: too many mismatches |	0.00%
                 % of reads unmapped: too short |	3.22%
                     % of reads unmapped: other |	0.07%
                                  CHIMERIC READS:
                       Number of chimeric reads |	0
                            % of chimeric reads |	0.00%
