           Time    Speed        Read     Read   Mapped   Mapped   Mapped   Mapped Unmapped Unmapped Unmapped Unmapped
                    M/hr      number   length   unique   length   MMrate    multi   multi+       MM    short    other
May 16 18:49:14     19.5      336154      195    92.4%    193.8     0.8%     4.2%     0.2%     0.0%     3.2%     0.1%
May 16 18:50:17     99.5     3454827      195    92.3%    193.8     0.8%     4.2%     0.2%     0.0%     3.2%     0.1%
May 16 18:51:17    114.9     5903204      195    92.3%    193.8     0.8%     4.2%     0.2%     0.0%     3.2%     0.1%
May 16 18:52:17    121.1     8240358      195    92.3%    193.8     0.8%     4.2%     0.2%     0.0%     3.2%     0.1%
May 16 18:53:17    119.6    10132023      195    92.4%    193.9     0.8%     4.2%     0.2%     0.0%     3.2%     0.1%
May 16 18:54:18    121.5    12351746      195    92.3%    193.8     0.8%     4.2%     0.2%     0.0%     3.2%     0.1%
May 16 18:55:29    122.8    14902161      195    92.3%    193.8     0.8%     4.2%     0.2%     0.0%     3.2%     0.1%
May 16 18:56:35    123.3    17230767      195    92.3%    193.8     0.8%     4.2%     0.2%     0.0%     3.2%     0.1%
May 16 18:57:38    124.4    19559319      195    92.3%    193.8     0.8%     4.2%     0.2%     0.0%     3.2%     0.1%
May 16 18:58:38    129.1    22442131      195    92.3%    193.8     0.8%     4.2%     0.2%     0.0%     3.2%     0.1%
May 16 18:59:38    130.0    24771591      195    92.3%    193.8     0.8%     4.2%     0.2%     0.0%     3.2%     0.1%
May 16 19:00:43    131.5    27433436      195    92.3%    193.8     0.8%     4.2%     0.2%     0.0%     3.2%     0.1%
May 16 19:01:45    135.2    30537956      195    92.3%    193.8     0.8%     4.2%     0.2%     0.0%     3.2%     0.1%
May 16 19:03:01    133.5    32977472      195    92.3%    193.8     0.8%     4.2%     0.2%     0.0%     3.2%     0.1%
May 16 19:04:12    133.2    35528803      195    92.3%    193.8     0.8%     4.2%     0.2%     0.0%     3.2%     0.1%
May 16 19:05:12    132.8    37636101      195    92.3%    193.8     0.8%     4.2%     0.2%     0.0%     3.2%     0.1%
May 16 19:06:12    129.1    38744762      195    92.3%    193.8     0.8%     4.2%     0.2%     0.0%     3.2%     0.1%
May 16 19:07:13    128.2    40629908      195    92.3%    193.8     0.8%     4.2%     0.2%     0.0%     3.2%     0.1%
May 16 19:08:20    127.7    42847552      195    92.3%    193.8     0.8%     4.2%     0.2%     0.0%     3.2%     0.1%
May 16 19:09:33    126.0    44843571      195    92.3%    193.8     0.8%     4.2%     0.2%     0.0%     3.2%     0.1%
May 16 19:10:38    125.3    46839566      195    92.3%    193.8     0.8%     4.2%     0.2%     0.0%     3.2%     0.1%
May 16 19:11:38    125.3    48946184      195    92.3%    193.9     0.8%     4.2%     0.2%     0.0%     3.2%     0.1%
May 16 19:12:38    123.5    50276499      195    92.3%    193.9     0.8%     4.2%     0.2%     0.0%     3.2%     0.1%
May 16 19:13:51    120.7    51607356      195    92.3%    193.9     0.8%     4.2%     0.2%     0.0%     3.2%     0.1%
May 16 19:14:54    120.5    53603354      195    92.3%    193.9     0.8%     4.2%     0.2%     0.0%     3.2%     0.1%
May 16 19:15:54    120.9    55820928      195    92.3%    193.9     0.8%     4.2%     0.2%     0.0%     3.2%     0.1%
May 16 19:16:55    118.5    56707918      195    92.3%    193.9     0.8%     4.2%     0.2%     0.0%     3.2%     0.1%
May 16 19:17:58    118.1    58592468      195    92.3%    193.9     0.8%     4.2%     0.2%     0.0%     3.1%     0.1%
May 16 19:19:11    116.9    60366769      195    92.3%    193.9     0.8%     4.2%     0.2%     0.0%     3.1%     0.1%
May 16 19:20:13    115.0    61364863      195    92.3%    193.9     0.8%     4.2%     0.2%     0.0%     3.1%     0.1%
May 16 19:21:15    115.0    63360920      195    92.4%    193.9     0.8%     4.2%     0.2%     0.0%     3.1%     0.1%
May 16 19:22:16    115.3    65467656      195    92.4%    193.9     0.8%     4.3%     0.2%     0.0%     3.1%     0.1%
May 16 19:23:20    112.9    66132845      195    92.4%    193.9     0.8%     4.3%     0.2%     0.0%     3.1%     0.1%
May 16 19:24:36    112.3    68128668      195    92.4%    193.9     0.8%     4.3%     0.2%     0.0%     3.1%     0.1%
May 16 19:25:39    112.3    70124569      195    92.4%    193.9     0.8%     4.3%     0.2%     0.0%     3.1%     0.1%
May 16 19:26:39    111.2    71232974      195    92.4%    193.9     0.8%     4.3%     0.2%     0.0%     3.1%     0.1%
May 16 19:27:41    110.1    72453036      195    92.4%    193.9     0.8%     4.3%     0.2%     0.0%     3.1%     0.1%
May 16 19:28:42    109.5    73894491      195    92.4%    193.9     0.8%     4.3%     0.2%     0.0%     3.1%     0.1%
May 16 19:30:17    106.9    75003214      195    92.4%    193.9     0.8%     4.3%     0.2%     0.0%     3.1%     0.1%
May 16 19:31:43    106.5    77220750      195    92.4%    193.9     0.8%     4.3%     0.2%     0.0%     3.1%     0.1%
May 16 19:32:48    105.2    78219154      195    92.4%    193.9     0.8%     4.3%     0.2%     0.0%     3.1%     0.1%
May 16 19:33:48    104.2    79216745      195    92.4%    193.9     0.8%     4.3%     0.2%     0.0%     3.1%     0.1%
May 16 19:34:48    104.3    80990859      195    92.4%    193.9     0.8%     4.3%     0.2%     0.0%     3.1%     0.1%
May 16 19:36:09    101.9    81434299      195    92.4%    193.9     0.8%     4.3%     0.2%     0.0%     3.1%     0.1%
May 16 19:37:28    101.2    83097758      195    92.4%    193.9     0.8%     4.3%     0.2%     0.0%     3.1%     0.1%
May 16 19:38:29    100.6    84317288      195    92.4%    193.9     0.8%     4.3%     0.2%     0.0%     3.1%     0.1%
May 16 19:40:05     98.7    85315218      195    92.4%    193.9     0.8%     4.3%     0.2%     0.0%     3.1%     0.1%
May 16 19:41:06     98.4    86757115      195    92.4%    193.9     0.8%     4.3%     0.2%     0.0%     3.1%     0.1%
May 16 19:42:12     97.9    88087182      195    92.4%    193.9     0.8%     4.3%     0.2%     0.0%     3.1%     0.1%
May 16 19:43:15     97.1    89085373      195    92.4%    193.9     0.8%     4.3%     0.2%     0.0%     3.1%     0.1%
May 16 19:44:16     96.3    89972163      195    92.4%    193.9     0.8%     4.3%     0.2%     0.0%     3.1%     0.1%
May 16 19:45:16     95.8    91081346      195    92.4%    193.9     0.8%     4.3%     0.2%     0.0%     3.1%     0.1%
May 16 19:47:19     94.6    93187863      195    92.4%    193.9     0.8%     4.3%     0.2%     0.0%     3.1%     0.1%
May 16 19:48:22     93.9    94185458      195    92.4%    193.9     0.8%     4.3%     0.2%     0.0%     3.1%     0.1%
May 16 19:49:25     93.6    95516304      195    92.4%    193.9     0.8%     4.3%     0.2%     0.0%     3.1%     0.1%
May 16 19:50:42     93.2    97068290      195    92.4%    193.9     0.8%     4.3%     0.2%     0.0%     3.1%     0.1%
May 16 19:51:42     93.1    98509611      195    92.4%    193.9     0.8%     4.3%     0.2%     0.0%     3.1%     0.1%
May 16 19:52:48     92.1    99174927      195    92.4%    193.9     0.8%     4.3%     0.2%     0.0%     3.1%     0.1%
May 16 20:45:19     51.9   101264231      195    92.4%    193.9     0.8%     4.3%     0.2%     0.0%     3.1%     0.1%
ALL DONE!
