                                 Started job on |	May 16 15:31:22
                             Started mapping on |	May 16 15:32:32
                                    Finished on |	May 16 18:41:05
       Mapping speed, Million of reads per hour |	28.41

                          Number of input reads |	89281321
                      Average input read length |	195
                                    UNIQUE READS:
                   Uniquely mapped reads number |	83675865
                        Uniquely mapped reads % |	93.72%
                          Average mapped length |	193.76
                       Number of splices: Total |	44438990
            Number of splices: Annotated (sjdb) |	42873067
                       Number of splices: GT/AG |	43881024
                       Number of splices: GC/AG |	351212
                       Number of splices: AT/AC |	35420
               Number of splices: Non-canonical |	171334
                      Mismatch rate per base, % |	0.77%
                         Deletion rate per base |	0.05%
                        Deletion average length |	2.08
                        Insertion rate per base |	0.04%
                       Insertion average length |	2.06
                             MULTI-MAPPING READS:
        Number of reads mapped to multiple loci |	2498645
             % of reads mapped to multiple loci |	2.80%
        Number of reads mapped to too many loci |	127792
             % of reads mapped to too many loci |	0.14%
                                  UNMAPPED READS:
       % of reads unmapped: too many mismatches |	0.00%
                 % of reads unmapped: too short |	3.25%
                     % of reads unmapped: other |	0.08%
                                  CHIMERIC READS:
                       Number of chimeric reads |	0
                            % of chimeric reads |	0.00%
