                                 Started job on |	May 17 16:41:42
                             Started mapping on |	May 17 16:47:56
                                    Finished on |	May 17 17:55:34
       Mapping speed, Million of reads per hour |	79.79

                          Number of input reads |	89944681
                      Average input read length |	194
                                    UNIQUE READS:
                   Uniquely mapped reads number |	84588607
                        Uniquely mapped reads % |	94.05%
                          Average mapped length |	193.42
                       Number of splices: Total |	41687618
            Number of splices: Annotated (sjdb) |	40151614
                       Number of splices: GT/AG |	41148134
                       Number of splices: GC/AG |	330118
                       Number of splices: AT/AC |	34009
               Number of splices: Non-canonical |	175357
                      Mismatch rate per base, % |	0.78%
                         Deletion rate per base |	0.06%
                        Deletion average length |	2.05
                        Insertion rate per base |	0.04%
                       Insertion average length |	2.04
                             MULTI-MAPPING READS:
        Number of reads mapped to multiple loci |	2230695
             % of reads mapped to multiple loci |	2.48%
        Number of reads mapped to too many loci |	128572
             % of reads mapped to too many loci |	0.14%
                                  UNMAPPED READS:
       % of reads unmapped: too many mismatches |	0.00%
                 % of reads unmapped: too short |	3.25%
                     % of reads unmapped: other |	0.08%
                                  CHIMERIC READS:
                       Number of chimeric reads |	0
                            % of chimeric reads |	0.00%
