                                 Started job on |	May 16 16:01:18
                             Started mapping on |	May 16 16:26:08
                                    Finished on |	May 16 18:41:48
       Mapping speed, Million of reads per hour |	39.79

                          Number of input reads |	89958675
                      Average input read length |	195
                                    UNIQUE READS:
                   Uniquely mapped reads number |	84005118
                        Uniquely mapped reads % |	93.38%
                          Average mapped length |	193.62
                       Number of splices: Total |	42123859
            Number of splices: Annotated (sjdb) |	40669019
                       Number of splices: GT/AG |	41591772
                       Number of splices: GC/AG |	335197
                       Number of splices: AT/AC |	33551
               Number of splices: Non-canonical |	163339
                      Mismatch rate per base, % |	0.77%
                         Deletion rate per base |	0.06%
                        Deletion average length |	2.02
                        Insertion rate per base |	0.04%
                       Insertion average length |	2.00
                             MULTI-MAPPING READS:
        Number of reads mapped to multiple loci |	2765055
             % of reads mapped to multiple loci |	3.07%
        Number of reads mapped to too many loci |	134822
             % of reads mapped to too many loci |	0.15%
                                  UNMAPPED READS:
       % of reads unmapped: too many mismatches |	0.00%
                 % of reads unmapped: too short |	3.33%
                     % of reads unmapped: other |	0.07%
                                  CHIMERIC READS:
                       Number of chimeric reads |	0
                            % of chimeric reads |	0.00%
