                                 Started job on |	May 16 18:42:39
                             Started mapping on |	May 16 18:48:12
                                    Finished on |	May 16 21:06:33
       Mapping speed, Million of reads per hour |	60.95

                          Number of input reads |	140544007
                      Average input read length |	195
                                    UNIQUE READS:
                   Uniquely mapped reads number |	120614277
                        Uniquely mapped reads % |	85.82%
                          Average mapped length |	193.65
                       Number of splices: Total |	63227646
            Number of splices: Annotated (sjdb) |	61094260
                       Number of splices: GT/AG |	62438270
                       Number of splices: GC/AG |	493538
                       Number of splices: AT/AC |	48642
               Number of splices: Non-canonical |	247196
                      Mismatch rate per base, % |	0.79%
                         Deletion rate per base |	0.06%
                        Deletion average length |	2.02
                        Insertion rate per base |	0.04%
                       Insertion average length |	2.02
                             MULTI-MAPPING READS:
        Number of reads mapped to multiple loci |	15543501
             % of reads mapped to multiple loci |	11.06%
        Number of reads mapped to too many loci |	505711
             % of reads mapped to too many loci |	0.36%
                                  UNMAPPED READS:
       % of reads unmapped: too many mismatches |	0.00%
                 % of reads unmapped: too short |	2.69%
                     % of reads unmapped: other |	0.07%
                                  CHIMERIC READS:
                       Number of chimeric reads |	0
                            % of chimeric reads |	0.00%
