                                 Started job on |	May 16 19:18:49
                             Started mapping on |	May 16 19:23:15
                                    Finished on |	May 16 21:15:13
       Mapping speed, Million of reads per hour |	45.65

                          Number of input reads |	85192513
                      Average input read length |	195
                                    UNIQUE READS:
                   Uniquely mapped reads number |	80053448
                        Uniquely mapped reads % |	93.97%
                          Average mapped length |	193.77
                       Number of splices: Total |	42416333
            Number of splices: Annotated (sjdb) |	40935407
                       Number of splices: GT/AG |	41875883
                       Number of splices: GC/AG |	345150
                       Number of splices: AT/AC |	34002
               Number of splices: Non-canonical |	161298
                      Mismatch rate per base, % |	0.79%
                         Deletion rate per base |	0.05%
                        Deletion average length |	2.04
                        Insertion rate per base |	0.04%
                       Insertion average length |	2.01
                             MULTI-MAPPING READS:
        Number of reads mapped to multiple loci |	2434359
             % of reads mapped to multiple loci |	2.86%
        Number of reads mapped to too many loci |	118130
             % of reads mapped to too many loci |	0.14%
                                  UNMAPPED READS:
       % of reads unmapped: too many mismatches |	0.00%
                 % of reads unmapped: too short |	2.96%
                     % of reads unmapped: other |	0.07%
                                  CHIMERIC READS:
                       Number of chimeric reads |	0
                            % of chimeric reads |	0.00%
