                                 Started job on |	May 16 16:10:04
                             Started mapping on |	May 16 16:26:08
                                    Finished on |	May 16 18:45:37
       Mapping speed, Million of reads per hour |	42.66

                          Number of input reads |	99163640
                      Average input read length |	195
                                    UNIQUE READS:
                   Uniquely mapped reads number |	90661107
                        Uniquely mapped reads % |	91.43%
                          Average mapped length |	193.86
                       Number of splices: Total |	47888042
            Number of splices: Annotated (sjdb) |	46174831
                       Number of splices: GT/AG |	47283535
                       Number of splices: GC/AG |	378874
                       Number of splices: AT/AC |	37519
               Number of splices: Non-canonical |	188114
                      Mismatch rate per base, % |	0.78%
                         Deletion rate per base |	0.05%
                        Deletion average length |	2.01
                        Insertion rate per base |	0.04%
                       Insertion average length |	1.98
                             MULTI-MAPPING READS:
        Number of reads mapped to multiple loci |	5231082
             % of reads mapped to multiple loci |	5.28%
        Number of reads mapped to too many loci |	186534
             % of reads mapped to too many loci |	0.19%
                                  UNMAPPED READS:
       % of reads unmapped: too many mismatches |	0.00%
                 % of reads unmapped: too short |	3.04%
                     % of reads unmapped: other |	0.07%
                                  CHIMERIC READS:
                       Number of chimeric reads |	0
                            % of chimeric reads |	0.00%
