           Time    Speed        Read     Read   Mapped   Mapped   Mapped   Mapped Unmapped Unmapped Unmapped Unmapped
                    M/hr      number   length   unique   length   MMrate    multi   multi+       MM    short    other
May 16 18:51:41      3.6      112431      195    93.6%    193.7     0.8%     3.1%     0.2%     0.0%     3.0%     0.1%
May 16 18:52:42     61.9     3010002      195    93.6%    193.6     0.8%     3.1%     0.2%     0.0%     3.1%     0.1%
May 16 18:53:42     83.6     5458637      195    93.6%    193.7     0.8%     3.1%     0.2%     0.0%     3.1%     0.1%
May 16 18:54:42     92.4     7573476      195    93.6%    193.7     0.8%     3.1%     0.2%     0.0%     3.1%     0.1%
May 16 18:55:43     95.7     9465805      195    93.6%    193.7     0.8%     3.1%     0.2%     0.0%     3.1%     0.1%
May 16 18:56:44    102.8    11909290      195    93.5%    193.7     0.8%     3.1%     0.2%     0.0%     3.1%     0.1%
May 16 18:57:45    106.4    14127351      195    93.5%    193.7     0.8%     3.1%     0.2%     0.0%     3.1%     0.1%
May 16 18:58:47    116.4    17454758      195    93.6%    193.7     0.8%     3.1%     0.2%     0.0%     3.1%     0.1%
May 16 18:59:48    119.8    20005362      195    93.6%    193.7     0.8%     3.1%     0.2%     0.0%     3.1%     0.1%
May 16 19:00:53    123.1    22778290      195    93.6%    193.7     0.8%     3.1%     0.2%     0.0%     3.1%     0.1%
May 16 19:01:54    127.1    25662090      195    93.6%    193.7     0.8%     3.1%     0.2%     0.0%     3.1%     0.1%
May 16 19:02:55    128.4    28101788      195    93.6%    193.7     0.8%     3.1%     0.2%     0.0%     3.1%     0.1%
May 16 19:04:16    128.4    30985563      195    93.6%    193.7     0.8%     3.1%     0.2%     0.0%     3.1%     0.1%
May 16 19:05:27    128.4    33536728      195    93.6%    193.7     0.8%     3.1%     0.2%     0.0%     3.1%     0.1%
May 16 19:06:28    127.4    35422361      195    93.6%    193.7     0.8%     3.1%     0.2%     0.0%     3.1%     0.1%
May 16 19:07:28    125.5    36975018      195    93.6%    193.7     0.8%     3.1%     0.2%     0.0%     3.1%     0.1%
May 16 19:08:30    125.3    39082206      195    93.6%    193.7     0.8%     3.1%     0.2%     0.0%     3.1%     0.1%
May 16 19:09:34    125.6    41410908      195    93.6%    193.7     0.8%     3.1%     0.2%     0.0%     3.0%     0.1%
May 16 19:10:34    125.6    43517943      195    93.6%    193.7     0.8%     3.1%     0.2%     0.0%     3.0%     0.1%
May 16 19:11:38    125.3    45624907      195    93.6%    193.7     0.8%     3.1%     0.2%     0.0%     3.0%     0.1%
May 16 19:12:42    123.8    47288558      195    93.6%    193.7     0.8%     3.1%     0.2%     0.0%     3.0%     0.1%
May 16 19:13:46    121.4    48508543      195    93.6%    193.7     0.8%     3.1%     0.2%     0.0%     3.0%     0.1%
May 16 19:15:11    119.6    50615619      195    93.6%    193.7     0.8%     3.1%     0.2%     0.0%     3.0%     0.1%
May 16 19:16:23    119.9    53166090      195    93.6%    193.7     0.8%     3.1%     0.2%     0.0%     3.0%     0.1%
May 16 19:17:24    118.9    54718684      195    93.6%    193.7     0.8%     3.1%     0.2%     0.0%     3.0%     0.1%
May 16 19:18:31    116.6    55827247      195    93.6%    193.7     0.8%     3.1%     0.2%     0.0%     3.0%     0.1%
May 16 19:19:47    116.1    58045147      195    93.6%    193.7     0.8%     3.1%     0.2%     0.0%     3.0%     0.1%
May 16 19:20:59    115.7    60152580      195    93.6%    193.7     0.8%     3.1%     0.2%     0.0%     3.0%     0.1%
May 16 19:22:00    113.9    61150765      195    93.6%    193.7     0.8%     3.1%     0.2%     0.0%     3.0%     0.1%
May 16 19:23:12    113.8    63368639      195    93.6%    193.7     0.8%     3.1%     0.2%     0.0%     3.0%     0.1%
May 16 19:24:36    113.0    65586462      195    93.6%    193.7     0.8%     3.1%     0.2%     0.0%     3.0%     0.1%
May 16 19:25:46    113.2    67915135      195    93.6%    193.7     0.8%     3.1%     0.2%     0.0%     3.0%     0.1%
May 16 19:26:47    112.3    69246160      195    93.6%    193.7     0.8%     3.1%     0.2%     0.0%     3.0%     0.1%
May 16 19:27:47    111.1    70355339      195    93.6%    193.7     0.8%     3.1%     0.2%     0.0%     3.0%     0.1%
May 16 19:28:47    111.3    72351657      195    93.6%    193.7     0.8%     3.1%     0.2%     0.0%     3.0%     0.1%
May 16 19:29:51    109.5    73127734      195    93.6%    193.7     0.8%     3.1%     0.2%     0.0%     3.0%     0.1%
May 16 19:30:52    108.3    74125842      195    93.6%    193.7     0.8%     3.1%     0.2%     0.0%     3.0%     0.1%
May 16 19:31:53    107.4    75345559      195    93.6%    193.7     0.8%     3.1%     0.2%     0.0%     3.0%     0.1%
May 16 19:32:53    106.4    76454824      195    93.6%    193.7     0.8%     3.1%     0.2%     0.0%     3.0%     0.1%
May 16 19:34:06    104.7    77341714      195    93.6%    193.7     0.8%     3.1%     0.2%     0.0%     3.0%     0.1%
May 16 19:35:07    105.0    79337910      195    93.6%    193.7     0.8%     3.1%     0.2%     0.0%     3.0%     0.1%
May 16 19:36:22    103.0    80003086      195    93.6%    193.7     0.8%     3.1%     0.2%     0.0%     3.0%     0.1%
May 16 19:37:38    102.1    81444961      195    93.6%    193.7     0.8%     3.1%     0.2%     0.0%     3.0%     0.1%
May 16 19:38:41    101.3    82553678      195    93.6%    193.7     0.8%     3.1%     0.2%     0.0%     3.0%     0.1%
May 16 19:39:52    100.2    83662647      195    93.6%    193.7     0.8%     3.1%     0.2%     0.0%     3.0%     0.1%
May 16 19:40:55     99.9    85104490      195    93.6%    193.7     0.8%     3.1%     0.2%     0.0%     3.0%     0.1%
May 16 19:41:55     99.1    86102631      195    93.6%    193.7     0.8%     3.1%     0.2%     0.0%     3.0%     0.1%
May 16 19:42:55     98.9    87543883      195    93.6%    193.7     0.8%     3.1%     0.2%     0.0%     3.0%     0.1%
May 16 19:44:00     98.1    88653188      195    93.6%    193.7     0.8%     3.1%     0.2%     0.0%     3.0%     0.1%
May 16 19:45:06     97.4    89761759      195    93.6%    193.7     0.8%     3.1%     0.2%     0.0%     3.0%     0.1%
May 16 19:46:09     97.8    91869051      195    93.6%    193.7     0.8%     3.1%     0.2%     0.0%     3.0%     0.1%
May 16 19:47:09     96.4    92201872      195    93.6%    193.7     0.8%     3.1%     0.2%     0.0%     3.0%     0.1%
May 16 19:48:09     96.2    93548729      195    93.6%    193.7     0.8%     3.1%     0.2%     0.0%     3.0%     0.1%
May 16 20:34:30     53.7    93770418      195    93.6%    193.7     0.8%     3.1%     0.2%     0.0%     3.0%     0.1%
ALL DONE!
