           Time    Speed        Read     Read   Mapped   Mapped   Mapped   Mapped Unmapped Unmapped Unmapped Unmapped
                    M/hr      number   length   unique   length   MMrate    multi   multi+       MM    short    other
May 16 19:02:10      5.9      112359      195    94.3%    193.8     0.8%     2.4%     0.2%     0.0%     3.0%     0.1%
May 16 19:03:14     76.0     2785921      195    94.1%    193.8     0.9%     2.5%     0.2%     0.0%     3.2%     0.1%
May 16 19:04:15    103.8     5566925      195    94.1%    193.8     0.8%     2.5%     0.2%     0.0%     3.2%     0.1%
May 16 19:05:47    113.9     9015841      195    94.1%    193.8     0.8%     2.5%     0.2%     0.0%     3.2%     0.1%
May 16 19:07:07    118.5    12013659      195    94.1%    193.8     0.8%     2.5%     0.2%     0.0%     3.2%     0.1%
May 16 19:08:29    125.3    15560538      195    94.1%    193.8     0.8%     2.5%     0.2%     0.0%     3.2%     0.1%
May 16 19:09:32    127.1    17999109      195    94.1%    193.8     0.8%     2.5%     0.2%     0.0%     3.2%     0.1%
May 16 19:10:50    126.5    20659311      195    94.1%    193.8     0.8%     2.5%     0.2%     0.0%     3.2%     0.1%
May 16 19:11:52    127.9    23098016      195    94.1%    193.8     0.8%     2.5%     0.2%     0.0%     3.2%     0.1%
May 16 19:13:35    124.2    25980387      195    94.1%    193.8     0.8%     2.5%     0.2%     0.0%     3.2%     0.1%
May 16 19:15:13    123.0    29083783      195    94.1%    193.8     0.8%     2.5%     0.2%     0.0%     3.2%     0.1%
May 16 19:16:41    122.1    31854699      195    94.1%    193.8     0.8%     2.5%     0.2%     0.0%     3.2%     0.1%
May 16 19:18:07    122.0    34737199      195    94.1%    193.8     0.8%     2.5%     0.2%     0.0%     3.2%     0.1%
May 16 19:19:10    123.7    37397402      195    94.1%    193.8     0.8%     2.5%     0.2%     0.0%     3.2%     0.1%
May 16 19:20:10    120.8    38506031      195    94.1%    193.8     0.8%     2.5%     0.2%     0.0%     3.2%     0.1%
May 16 19:21:31    120.6    41166098      195    94.1%    193.8     0.8%     2.5%     0.2%     0.0%     3.2%     0.1%
May 16 19:23:05    119.9    44047587      195    94.1%    193.8     0.8%     2.5%     0.2%     0.0%     3.2%     0.1%
May 16 19:24:07    121.1    46597140      195    94.1%    193.8     0.8%     2.5%     0.2%     0.0%     3.2%     0.1%
May 16 19:25:07    121.9    48924917      195    94.1%    193.8     0.8%     2.5%     0.2%     0.0%     3.2%     0.1%
May 16 19:26:09    119.0    49811455      195    94.1%    193.8     0.8%     2.5%     0.2%     0.0%     3.2%     0.1%
May 16 19:27:10    119.7    52139030      195    94.1%    193.8     0.8%     2.5%     0.2%     0.0%     3.2%     0.1%
May 16 19:28:22    116.4    53025906      195    94.1%    193.8     0.8%     2.5%     0.2%     0.0%     3.2%     0.1%
May 16 19:29:26    116.9    55353403      195    94.1%    193.8     0.8%     2.5%     0.2%     0.0%     3.2%     0.1%
May 16 19:30:31    114.2    56129071      195    94.1%    193.8     0.8%     2.5%     0.2%     0.0%     3.2%     0.1%
May 16 19:31:41    114.0    58234894      195    94.1%    193.8     0.8%     2.5%     0.2%     0.0%     3.2%     0.1%
May 16 19:32:42    112.4    59343276      195    94.1%    193.8     0.8%     2.5%     0.2%     0.0%     3.2%     0.1%
May 16 19:33:58    110.5    60673187      195    94.1%    193.8     0.8%     2.5%     0.2%     0.0%     3.2%     0.1%
May 16 19:34:59    111.5    63111576      195    94.1%    193.8     0.8%     2.5%     0.2%     0.0%     3.2%     0.1%
May 16 19:35:59    109.5    63777048      195    94.1%    193.8     0.8%     2.5%     0.2%     0.0%     3.2%     0.1%
May 16 19:37:00    109.4    65550103      195    94.1%    193.8     0.8%     2.5%     0.2%     0.0%     3.2%     0.1%
May 16 19:38:01    107.1    65993652      195    94.1%    193.8     0.8%     2.5%     0.2%     0.0%     3.2%     0.1%
May 16 19:39:02    107.0    67767295      195    94.1%    193.8     0.8%     2.5%     0.2%     0.0%     3.2%     0.1%
May 16 19:40:09    105.8    68986152      195    94.1%    193.8     0.8%     2.5%     0.2%     0.0%     3.2%     0.1%
May 16 19:41:25    104.8    70538024      195    94.1%    193.8     0.8%     2.5%     0.2%     0.0%     3.2%     0.1%
May 16 19:42:29    105.2    72643835      195    94.1%    193.8     0.8%     2.5%     0.2%     0.0%     3.2%     0.1%
May 16 19:43:31    104.5    73973609      195    94.1%    193.8     0.8%     2.5%     0.2%     0.0%     3.2%     0.1%
May 16 19:44:35    103.6    75193096      195    94.1%    193.8     0.8%     2.5%     0.2%     0.0%     3.2%     0.1%
May 16 19:45:36    103.3    76745027      195    94.1%    193.8     0.8%     2.5%     0.2%     0.0%     3.2%     0.1%
May 16 19:46:44    102.1    77742206      195    94.1%    193.8     0.8%     2.5%     0.2%     0.0%     3.2%     0.1%
May 16 19:47:49    102.0    79515703      195    94.1%    193.8     0.8%     2.5%     0.2%     0.0%     3.2%     0.1%
May 16 19:48:56    101.7    81178458      195    94.1%    193.8     0.8%     2.5%     0.2%     0.0%     3.2%     0.1%
May 16 19:50:04    101.8    83173281      195    94.1%    193.8     0.8%     2.5%     0.2%     0.0%     3.2%     0.1%
May 16 19:51:05    100.9    84170675      195    94.1%    193.8     0.8%     2.5%     0.2%     0.0%     3.2%     0.1%
May 16 19:52:12    100.8    85944227      195    94.1%    193.9     0.8%     2.5%     0.2%     0.0%     3.2%     0.1%
May 16 19:53:13    101.0    87828531      195    94.1%    193.9     0.8%     2.5%     0.2%     0.0%     3.2%     0.1%
May 16 19:54:17    100.6    89269630      195    94.1%    193.9     0.8%     2.5%     0.2%     0.0%     3.2%     0.1%
May 16 19:55:21    100.4    90931537      195    94.1%    193.9     0.8%     2.5%     0.2%     0.0%     3.2%     0.1%
May 16 19:56:22    100.2    92372477      195    94.1%    193.9     0.8%     2.5%     0.2%     0.0%     3.2%     0.1%
May 16 19:57:24    100.6    94478289      195    94.1%    193.9     0.8%     2.5%     0.2%     0.0%     3.2%     0.1%
May 16 19:58:26    101.1    96694902      195    94.1%    193.9     0.8%     2.5%     0.2%     0.0%     3.2%     0.1%
May 16 19:59:27    100.6    97914387      195    94.1%    193.9     0.8%     2.5%     0.2%     0.0%     3.2%     0.1%
May 16 20:43:32     58.3    99566728      195    94.1%    193.9     0.8%     2.5%     0.2%     0.0%     3.2%     0.1%
ALL DONE!
