                                 Started job on |	May 16 19:13:04
                             Started mapping on |	May 16 19:24:58
                                    Finished on |	May 16 21:16:15
       Mapping speed, Million of reads per hour |	64.46

                          Number of input reads |	119551666
                      Average input read length |	195
                                    UNIQUE READS:
                   Uniquely mapped reads number |	110526682
                        Uniquely mapped reads % |	92.45%
                          Average mapped length |	193.81
                       Number of splices: Total |	58612283
            Number of splices: Annotated (sjdb) |	56544024
                       Number of splices: GT/AG |	57872432
                       Number of splices: GC/AG |	474765
                       Number of splices: AT/AC |	45506
               Number of splices: Non-canonical |	219580
                      Mismatch rate per base, % |	0.76%
                         Deletion rate per base |	0.05%
                        Deletion average length |	2.04
                        Insertion rate per base |	0.03%
                       Insertion average length |	2.04
                             MULTI-MAPPING READS:
        Number of reads mapped to multiple loci |	5332490
             % of reads mapped to multiple loci |	4.46%
        Number of reads mapped to too many loci |	243347
             % of reads mapped to too many loci |	0.20%
                                  UNMAPPED READS:
       % of reads unmapped: too many mismatches |	0.00%
                 % of reads unmapped: too short |	2.79%
                     % of reads unmapped: other |	0.09%
                                  CHIMERIC READS:
                       Number of chimeric reads |	0
                            % of chimeric reads |	0.00%
