                                 Started job on |	May 16 15:32:16
                             Started mapping on |	May 16 15:32:32
                                    Finished on |	May 16 18:34:12
       Mapping speed, Million of reads per hour |	27.99

                          Number of input reads |	84734962
                      Average input read length |	195
                                    UNIQUE READS:
                   Uniquely mapped reads number |	79731005
                        Uniquely mapped reads % |	94.09%
                          Average mapped length |	193.50
                       Number of splices: Total |	42165772
            Number of splices: Annotated (sjdb) |	40713245
                       Number of splices: GT/AG |	41652378
                       Number of splices: GC/AG |	327940
                       Number of splices: AT/AC |	33953
               Number of splices: Non-canonical |	151501
                      Mismatch rate per base, % |	0.85%
                         Deletion rate per base |	0.05%
                        Deletion average length |	2.00
                        Insertion rate per base |	0.03%
                       Insertion average length |	2.02
                             MULTI-MAPPING READS:
        Number of reads mapped to multiple loci |	2204577
             % of reads mapped to multiple loci |	2.60%
        Number of reads mapped to too many loci |	125724
             % of reads mapped to too many loci |	0.15%
                                  UNMAPPED READS:
       % of reads unmapped: too many mismatches |	0.00%
                 % of reads unmapped: too short |	3.09%
                     % of reads unmapped: other |	0.07%
                                  CHIMERIC READS:
                       Number of chimeric reads |	0
                            % of chimeric reads |	0.00%
