           Time    Speed        Read     Read   Mapped   Mapped   Mapped   Mapped Unmapped Unmapped Unmapped Unmapped
                    M/hr      number   length   unique   length   MMrate    multi   multi+       MM    short    other
May 17 16:49:14      5.2      112433      195    93.7%    193.7     0.8%     2.8%     0.2%     0.0%     3.2%     0.1%
May 17 16:50:14     58.2     2230486      195    93.7%    193.7     0.9%     2.8%     0.1%     0.0%     3.3%     0.1%
May 17 16:51:17     85.8     4791074      195    93.7%    193.7     0.8%     2.8%     0.1%     0.0%     3.3%     0.1%
May 17 16:52:17     84.5     6126424      195    93.7%    193.7     0.8%     2.8%     0.1%     0.0%     3.3%     0.1%
May 17 16:53:25     96.3     8797503      195    93.7%    193.7     0.8%     2.8%     0.1%     0.0%     3.3%     0.1%
May 17 16:54:26    108.9    11796178      195    93.7%    193.7     0.8%     2.8%     0.1%     0.0%     3.3%     0.1%
May 17 16:55:29    103.5    13017749      195    93.7%    193.7     0.8%     2.8%     0.1%     0.0%     3.3%     0.1%
May 17 16:56:32    107.1    15346787      195    93.7%    193.7     0.8%     2.8%     0.1%     0.0%     3.3%     0.1%
May 17 16:57:36    110.4    17786849      195    93.7%    193.7     0.8%     2.8%     0.1%     0.0%     3.3%     0.1%
May 17 16:58:39    106.4    19006358      195    93.7%    193.7     0.8%     2.8%     0.1%     0.0%     3.3%     0.1%
May 17 16:59:42    113.9    22333577      195    93.7%    193.7     0.8%     2.8%     0.1%     0.0%     3.3%     0.1%
May 17 17:00:42    112.3    23885725      195    93.7%    193.7     0.8%     2.8%     0.1%     0.0%     3.3%     0.1%
May 17 17:01:43    113.6    26104120      195    93.7%    193.7     0.8%     2.8%     0.1%     0.0%     3.3%     0.1%
May 17 17:03:09    115.2    29209696      195    93.7%    193.7     0.8%     2.8%     0.1%     0.0%     3.3%     0.1%
May 17 17:04:12    118.0    31982146      195    93.7%    193.7     0.8%     2.8%     0.1%     0.0%     3.3%     0.1%
May 17 17:05:12    115.4    33201436      195    93.7%    193.7     0.8%     2.8%     0.1%     0.0%     3.3%     0.1%
May 17 17:06:14    116.1    35419439      195    93.7%    193.7     0.8%     2.8%     0.1%     0.0%     3.3%     0.1%
May 17 17:07:44    117.8    38858050      195    93.7%    193.7     0.8%     2.8%     0.1%     0.0%     3.3%     0.1%
May 17 17:08:44    120.1    41630716      195    93.7%    193.7     0.8%     2.8%     0.1%     0.0%     3.3%     0.1%
May 17 17:09:44    116.4    42295753      195    93.7%    193.7     0.8%     2.8%     0.1%     0.0%     3.3%     0.1%
May 17 17:10:49    117.0    44624545      195    93.7%    193.7     0.8%     2.8%     0.1%     0.0%     3.3%     0.1%
May 17 17:11:51    117.2    46731557      195    93.7%    193.7     0.8%     2.8%     0.1%     0.0%     3.3%     0.1%
May 17 17:12:52    117.5    48838624      195    93.7%    193.7     0.8%     2.8%     0.1%     0.0%     3.3%     0.1%
May 17 17:13:52    120.2    51943847      195    93.7%    193.7     0.8%     2.8%     0.1%     0.0%     3.3%     0.1%
May 17 17:14:56    118.6    53385311      195    93.7%    193.7     0.8%     2.8%     0.1%     0.0%     3.3%     0.1%
May 17 17:15:56    118.7    55381476      195    93.7%    193.7     0.8%     2.8%     0.1%     0.0%     3.3%     0.1%
May 17 17:16:57    119.8    57931830      195    93.7%    193.7     0.8%     2.8%     0.1%     0.0%     3.3%     0.1%
May 17 17:17:58    118.4    59262616      195    93.7%    193.7     0.8%     2.8%     0.1%     0.0%     3.2%     0.1%
May 17 17:19:02    120.1    62256298      195    93.7%    193.7     0.8%     2.8%     0.1%     0.0%     3.2%     0.1%
May 17 17:20:05    120.5    64584814      195    93.7%    193.7     0.8%     2.8%     0.1%     0.0%     3.2%     0.1%
May 17 17:21:07    120.0    66359113      195    93.7%    193.7     0.8%     2.8%     0.1%     0.0%     3.2%     0.1%
May 17 17:22:11    120.9    69020486      195    93.7%    193.7     0.8%     2.8%     0.1%     0.0%     3.2%     0.1%
May 17 17:23:19    121.2    71459953      195    93.7%    193.7     0.8%     2.8%     0.1%     0.0%     3.2%     0.1%
May 17 17:24:20    121.8    73899408      195    93.7%    193.7     0.8%     2.8%     0.1%     0.0%     3.2%     0.1%
May 17 17:25:22    120.4    75119489      195    93.7%    193.8     0.8%     2.8%     0.1%     0.0%     3.2%     0.1%
May 17 17:26:36    121.2    78113229      195    93.7%    193.8     0.8%     2.8%     0.1%     0.0%     3.2%     0.1%
May 17 17:27:38    121.9    80663622      195    93.7%    193.8     0.8%     2.8%     0.1%     0.0%     3.2%     0.1%
May 17 17:28:42    122.6    83324820      195    93.7%    193.8     0.8%     2.8%     0.1%     0.0%     3.2%     0.1%
May 17 17:29:44    121.0    84323428      195    93.7%    193.8     0.8%     2.8%     0.1%     0.0%     3.2%     0.1%
May 17 17:30:54    121.2    86762705      195    93.7%    193.8     0.8%     2.8%     0.1%     0.0%     3.2%     0.1%
May 17 17:32:07    122.5    90200020      195    93.7%    193.8     0.8%     2.8%     0.1%     0.0%     3.2%     0.1%
May 17 17:33:09    121.3    91420052      195    93.7%    193.8     0.8%     2.8%     0.1%     0.0%     3.2%     0.1%
May 17 17:34:12    121.7    93859605      195    93.7%    193.8     0.8%     2.8%     0.1%     0.0%     3.2%     0.1%
May 17 17:35:20    122.5    96742203      195    93.7%    193.8     0.8%     2.8%     0.1%     0.0%     3.2%     0.1%
May 17 17:36:22    123.7    99847284      195    93.7%    193.8     0.8%     2.8%     0.1%     0.0%     3.2%     0.1%
May 17 17:37:24    123.8   102057551      195    93.7%    193.8     0.8%     2.8%     0.1%     0.0%     3.2%     0.1%
May 17 17:38:26    125.5   105592796      195    93.7%    193.8     0.8%     2.8%     0.1%     0.0%     3.2%     0.1%
May 17 17:53:38     99.0   108391308      195    93.7%    193.8     0.8%     2.8%     0.1%     0.0%     3.2%     0.1%
ALL DONE!
