                                 Started job on |	May 16 15:32:45
                             Started mapping on |	May 16 16:19:03
                                    Finished on |	May 16 18:22:32
       Mapping speed, Million of reads per hour |	46.77

                          Number of input reads |	96249556
                      Average input read length |	195
                                    UNIQUE READS:
                   Uniquely mapped reads number |	88371593
                        Uniquely mapped reads % |	91.82%
                          Average mapped length |	193.69
                       Number of splices: Total |	45641409
            Number of splices: Annotated (sjdb) |	43958266
                       Number of splices: GT/AG |	45044115
                       Number of splices: GC/AG |	370476
                       Number of splices: AT/AC |	36492
               Number of splices: Non-canonical |	190326
                      Mismatch rate per base, % |	0.80%
                         Deletion rate per base |	0.06%
                        Deletion average length |	2.04
                        Insertion rate per base |	0.04%
                       Insertion average length |	2.02
                             MULTI-MAPPING READS:
        Number of reads mapped to multiple loci |	4361045
             % of reads mapped to multiple loci |	4.53%
        Number of reads mapped to too many loci |	166011
             % of reads mapped to too many loci |	0.17%
                                  UNMAPPED READS:
       % of reads unmapped: too many mismatches |	0.00%
                 % of reads unmapped: too short |	3.42%
                     % of reads unmapped: other |	0.06%
                                  CHIMERIC READS:
                       Number of chimeric reads |	0
                            % of chimeric reads |	0.00%
