           Time    Speed        Read     Read   Mapped   Mapped   Mapped   Mapped Unmapped Unmapped Unmapped Unmapped
                    M/hr      number   length   unique   length   MMrate    multi   multi+       MM    short    other
May 17 16:48:59    108.4     1896252      195    92.0%    193.7     0.9%     4.5%     0.2%     0.0%     3.2%     0.1%
May 17 16:50:01     86.7     3009804      195    92.0%    193.7     0.8%     4.6%     0.2%     0.0%     3.2%     0.1%
May 17 16:51:21     99.8     5680824      195    92.0%    193.8     0.8%     4.6%     0.2%     0.0%     3.2%     0.1%
May 17 16:52:21     92.3     6793201      195    92.0%    193.8     0.8%     4.6%     0.2%     0.0%     3.2%     0.1%
May 17 16:53:40     90.9     8685306      195    92.0%    193.8     0.8%     4.6%     0.2%     0.0%     3.2%     0.1%
May 17 16:54:50     97.7    11240407      195    92.0%    193.8     0.8%     4.6%     0.2%     0.0%     3.2%     0.1%
May 17 16:55:54    100.5    13348532      195    91.9%    193.8     0.8%     4.6%     0.2%     0.0%     3.2%     0.1%
May 17 16:56:57     93.3    14014553      195    91.9%    193.8     0.8%     4.6%     0.2%     0.0%     3.2%     0.1%
May 17 16:58:09     94.7    16121410      195    91.9%    193.8     0.8%     4.6%     0.2%     0.0%     3.2%     0.1%
May 17 16:59:11    101.4    19004292      195    91.9%    193.8     0.8%     4.6%     0.2%     0.0%     3.2%     0.1%
May 17 17:00:16     94.1    19336931      195    91.9%    193.8     0.8%     4.6%     0.2%     0.0%     3.2%     0.1%
May 17 17:01:20     98.5    21997945      195    91.9%    193.8     0.8%     4.6%     0.2%     0.0%     3.2%     0.1%
May 17 17:02:20     98.6    23661498      195    91.9%    193.8     0.8%     4.6%     0.2%     0.0%     3.2%     0.1%
May 17 17:03:35     95.8    24991521      195    91.9%    193.8     0.8%     4.6%     0.2%     0.0%     3.2%     0.1%
May 17 17:05:00     95.7    27209699      195    91.9%    193.8     0.8%     4.6%     0.2%     0.0%     3.2%     0.1%
May 17 17:06:15     96.0    29316714      195    91.9%    193.8     0.8%     4.6%     0.2%     0.0%     3.2%     0.1%
May 17 17:07:16    100.3    32310376      195    91.9%    193.8     0.8%     4.6%     0.2%     0.0%     3.2%     0.1%
May 17 17:08:23     95.1    32421464      195    91.9%    193.8     0.8%     4.6%     0.2%     0.0%     3.2%     0.1%
May 17 17:09:41     95.6    34638921      195    91.9%    193.8     0.8%     4.6%     0.2%     0.0%     3.2%     0.1%
May 17 17:10:43     96.2    36524191      195    91.9%    193.8     0.8%     4.6%     0.2%     0.0%     3.2%     0.1%
May 17 17:11:48     96.3    38298540      195    91.9%    193.8     0.8%     4.6%     0.2%     0.0%     3.2%     0.1%
May 17 17:12:57     95.6    39850874      195    91.9%    193.8     0.8%     4.6%     0.2%     0.0%     3.2%     0.1%
May 17 17:14:31     96.0    42512921      195    91.9%    193.8     0.8%     4.6%     0.2%     0.0%     3.2%     0.1%
May 17 17:16:00     95.6    44730546      195    91.9%    193.8     0.8%     4.6%     0.2%     0.0%     3.2%     0.1%
May 17 17:17:00     96.0    46504205      195    91.9%    193.8     0.8%     4.6%     0.2%     0.0%     3.2%     0.1%
May 17 17:18:00     94.4    47280852      195    91.9%    193.8     0.8%     4.6%     0.2%     0.0%     3.2%     0.1%
May 17 17:19:01     95.8    49609377      195    91.9%    193.8     0.8%     4.6%     0.2%     0.0%     3.2%     0.1%
May 17 17:20:03     97.2    52048735      195    91.9%    193.8     0.8%     4.6%     0.2%     0.0%     3.2%     0.1%
May 17 17:21:07     95.3    52713916      195    91.9%    193.8     0.8%     4.6%     0.2%     0.0%     3.2%     0.1%
May 17 17:22:21     95.6    54820502      195    91.9%    193.8     0.8%     4.6%     0.2%     0.0%     3.2%     0.1%
May 17 17:23:50     95.5    57148891      195    91.9%    193.8     0.8%     4.6%     0.2%     0.0%     3.2%     0.1%
May 17 17:24:56     95.6    58922630      195    91.9%    193.8     0.8%     4.6%     0.2%     0.0%     3.2%     0.1%
May 17 17:26:46     95.5    61805677      195    91.9%    193.8     0.8%     4.6%     0.2%     0.0%     3.2%     0.1%
May 17 17:27:58     95.8    63912069      195    91.9%    193.8     0.8%     4.6%     0.2%     0.0%     3.2%     0.1%
May 17 17:29:46     95.6    66683982      195    91.9%    193.8     0.8%     4.6%     0.2%     0.0%     3.2%     0.1%
May 17 17:30:47     96.6    69012186      195    91.9%    193.8     0.8%     4.6%     0.2%     0.0%     3.2%     0.1%
May 17 17:31:47     98.2    71784109      195    92.0%    193.8     0.8%     4.6%     0.2%     0.0%     3.2%     0.1%
May 17 17:32:57     96.1    72116698      195    92.0%    193.8     0.8%     4.6%     0.2%     0.0%     3.2%     0.1%
May 17 17:34:10     96.9    74666622      195    92.0%    193.8     0.8%     4.6%     0.2%     0.0%     3.2%     0.1%
May 17 17:36:00     97.6    78214671      195    92.0%    193.8     0.8%     4.6%     0.2%     0.0%     3.2%     0.1%
May 17 17:37:00     98.6    80653769      195    92.0%    193.8     0.8%     4.6%     0.2%     0.0%     3.2%     0.1%
May 17 17:38:02    100.0    83536372      195    92.0%    193.8     0.8%     4.6%     0.2%     0.0%     3.1%     0.1%
May 17 17:39:03     99.4    84644873      195    92.0%    193.8     0.8%     4.6%     0.2%     0.0%     3.1%     0.1%
May 17 17:40:04     99.8    86751643      195    92.0%    193.8     0.8%     4.6%     0.2%     0.0%     3.1%     0.1%
May 17 17:41:05    100.2    88747535      195    92.0%    193.8     0.8%     4.6%     0.2%     0.0%     3.1%     0.1%
May 17 17:42:07    101.6    91740845      195    92.0%    193.8     0.8%     4.6%     0.2%     0.0%     3.1%     0.1%
May 17 17:43:10    102.9    94734531      195    92.0%    193.8     0.8%     4.6%     0.2%     0.0%     3.1%     0.1%
May 17 17:44:11    105.1    98504280      195    92.0%    193.8     0.8%     4.6%     0.2%     0.0%     3.1%     0.1%
May 17 17:45:14    106.2   101381466      195    92.0%    193.8     0.8%     4.6%     0.2%     0.0%     3.1%     0.1%
May 17 17:46:16    108.4   105358660      195    92.0%    193.8     0.8%     4.6%     0.2%     0.0%     3.1%     0.1%
May 17 17:47:18    111.7   110550540      195    92.0%    193.8     0.8%     4.6%     0.2%     0.0%     3.1%     0.1%
May 17 17:59:13     95.7   113660849      195    92.0%    193.8     0.8%     4.6%     0.2%     0.0%     3.1%     0.1%
ALL DONE!
