                                 Started job on |	May 16 19:04:23
                             Started mapping on |	May 16 19:09:53
                                    Finished on |	May 16 20:49:19
       Mapping speed, Million of reads per hour |	55.52

                          Number of input reads |	92002966
                      Average input read length |	195
                                    UNIQUE READS:
                   Uniquely mapped reads number |	85948943
                        Uniquely mapped reads % |	93.42%
                          Average mapped length |	193.97
                       Number of splices: Total |	41465805
            Number of splices: Annotated (sjdb) |	39865151
                       Number of splices: GT/AG |	40913904
                       Number of splices: GC/AG |	339152
                       Number of splices: AT/AC |	34690
               Number of splices: Non-canonical |	178059
                      Mismatch rate per base, % |	0.79%
                         Deletion rate per base |	0.06%
                        Deletion average length |	2.07
                        Insertion rate per base |	0.04%
                       Insertion average length |	2.03
                             MULTI-MAPPING READS:
        Number of reads mapped to multiple loci |	2922636
             % of reads mapped to multiple loci |	3.18%
        Number of reads mapped to too many loci |	119479
             % of reads mapped to too many loci |	0.13%
                                  UNMAPPED READS:
       % of reads unmapped: too many mismatches |	0.00%
                 % of reads unmapped: too short |	3.22%
                     % of reads unmapped: other |	0.05%
                                  CHIMERIC READS:
                       Number of chimeric reads |	0
                            % of chimeric reads |	0.00%
