                                 Started job on |	May 17 16:41:45
                             Started mapping on |	May 17 16:47:56
                                    Finished on |	May 17 17:57:08
       Mapping speed, Million of reads per hour |	89.29

                          Number of input reads |	102982726
                      Average input read length |	195
                                    UNIQUE READS:
                   Uniquely mapped reads number |	96277180
                        Uniquely mapped reads % |	93.49%
                          Average mapped length |	193.86
                       Number of splices: Total |	50776261
            Number of splices: Annotated (sjdb) |	49007761
                       Number of splices: GT/AG |	50140796
                       Number of splices: GC/AG |	400392
                       Number of splices: AT/AC |	40939
               Number of splices: Non-canonical |	194134
                      Mismatch rate per base, % |	0.81%
                         Deletion rate per base |	0.05%
                        Deletion average length |	2.01
                        Insertion rate per base |	0.03%
                       Insertion average length |	2.01
                             MULTI-MAPPING READS:
        Number of reads mapped to multiple loci |	3433403
             % of reads mapped to multiple loci |	3.33%
        Number of reads mapped to too many loci |	156574
             % of reads mapped to too many loci |	0.15%
                                  UNMAPPED READS:
       % of reads unmapped: too many mismatches |	0.00%
                 % of reads unmapped: too short |	2.95%
                     % of reads unmapped: other |	0.08%
                                  CHIMERIC READS:
                       Number of chimeric reads |	0
                            % of chimeric reads |	0.00%
