                                 Started job on |	May 16 16:10:04
                             Started mapping on |	May 16 16:26:08
                                    Finished on |	May 16 18:48:21
       Mapping speed, Million of reads per hour |	44.09

                          Number of input reads |	104495024
                      Average input read length |	195
                                    UNIQUE READS:
                   Uniquely mapped reads number |	96299401
                        Uniquely mapped reads % |	92.16%
                          Average mapped length |	193.80
                       Number of splices: Total |	47305580
            Number of splices: Annotated (sjdb) |	45520300
                       Number of splices: GT/AG |	46697543
                       Number of splices: GC/AG |	375580
                       Number of splices: AT/AC |	36855
               Number of splices: Non-canonical |	195602
                      Mismatch rate per base, % |	0.81%
                         Deletion rate per base |	0.06%
                        Deletion average length |	2.02
                        Insertion rate per base |	0.04%
                       Insertion average length |	2.02
                             MULTI-MAPPING READS:
        Number of reads mapped to multiple loci |	4401821
             % of reads mapped to multiple loci |	4.21%
        Number of reads mapped to too many loci |	232047
             % of reads mapped to too many loci |	0.22%
                                  UNMAPPED READS:
       % of reads unmapped: too many mismatches |	0.00%
                 % of reads unmapped: too short |	3.30%
                     % of reads unmapped: other |	0.11%
                                  CHIMERIC READS:
                       Number of chimeric reads |	0
                            % of chimeric reads |	0.00%
