                                 Started job on |	May 16 18:57:49
                             Started mapping on |	May 16 19:09:53
                                    Finished on |	May 16 20:54:37
       Mapping speed, Million of reads per hour |	51.06

                          Number of input reads |	89124828
                      Average input read length |	195
                                    UNIQUE READS:
                   Uniquely mapped reads number |	82170492
                        Uniquely mapped reads % |	92.20%
                          Average mapped length |	193.60
                       Number of splices: Total |	44852110
            Number of splices: Annotated (sjdb) |	43312212
                       Number of splices: GT/AG |	44291436
                       Number of splices: GC/AG |	357465
                       Number of splices: AT/AC |	34463
               Number of splices: Non-canonical |	168746
                      Mismatch rate per base, % |	0.76%
                         Deletion rate per base |	0.05%
                        Deletion average length |	2.03
                        Insertion rate per base |	0.03%
                       Insertion average length |	2.03
                             MULTI-MAPPING READS:
        Number of reads mapped to multiple loci |	3929847
             % of reads mapped to multiple loci |	4.41%
        Number of reads mapped to too many loci |	156174
             % of reads mapped to too many loci |	0.18%
                                  UNMAPPED READS:
       % of reads unmapped: too many mismatches |	0.00%
                 % of reads unmapped: too short |	3.15%
                     % of reads unmapped: other |	0.06%
                                  CHIMERIC READS:
                       Number of chimeric reads |	0
                            % of chimeric reads |	0.00%
