                                 Started job on |	May 17 16:41:45
                             Started mapping on |	May 17 16:47:56
                                    Finished on |	May 17 17:53:38
       Mapping speed, Million of reads per hour |	98.99

                          Number of input reads |	108391308
                      Average input read length |	195
                                    UNIQUE READS:
                   Uniquely mapped reads number |	101613397
                        Uniquely mapped reads % |	93.75%
                          Average mapped length |	193.76
                       Number of splices: Total |	53174707
            Number of splices: Annotated (sjdb) |	51223757
                       Number of splices: GT/AG |	52504367
                       Number of splices: GC/AG |	424737
                       Number of splices: AT/AC |	42204
               Number of splices: Non-canonical |	203399
                      Mismatch rate per base, % |	0.79%
                         Deletion rate per base |	0.06%
                        Deletion average length |	1.99
                        Insertion rate per base |	0.04%
                       Insertion average length |	2.00
                             MULTI-MAPPING READS:
        Number of reads mapped to multiple loci |	3055668
             % of reads mapped to multiple loci |	2.82%
        Number of reads mapped to too many loci |	159634
             % of reads mapped to too many loci |	0.15%
                                  UNMAPPED READS:
       % of reads unmapped: too many mismatches |	0.00%
                 % of reads unmapped: too short |	3.21%
                     % of reads unmapped: other |	0.07%
                                  CHIMERIC READS:
                       Number of chimeric reads |	0
                            % of chimeric reads |	0.00%
