           Time    Speed        Read     Read   Mapped   Mapped   Mapped   Mapped Unmapped Unmapped Unmapped Unmapped
                    M/hr      number   length   unique   length   MMrate    multi   multi+       MM    short    other
May 16 19:02:05      6.4      111872      195    93.7%    193.9     0.8%     2.9%     0.1%     0.0%     3.2%     0.1%
May 16 19:03:07     83.4     2895585      195    93.7%    193.9     0.8%     2.9%     0.1%     0.0%     3.2%     0.1%
May 16 19:04:22    108.2     6009298      195    93.7%    193.9     0.8%     2.9%     0.1%     0.0%     3.2%     0.1%
May 16 19:05:43    112.6     8788922      195    93.7%    194.0     0.8%     2.9%     0.1%     0.0%     3.2%     0.1%
May 16 19:07:01    116.0    11564263      195    93.7%    193.9     0.8%     2.9%     0.1%     0.0%     3.2%     0.1%
May 16 19:08:05    123.9    14556021      195    93.7%    193.9     0.8%     2.9%     0.1%     0.0%     3.2%     0.1%
May 16 19:09:08    122.6    16550077      195    93.7%    193.9     0.8%     2.9%     0.1%     0.0%     3.2%     0.1%
May 16 19:10:11    126.0    19208941      195    93.7%    193.9     0.8%     2.9%     0.1%     0.0%     3.2%     0.1%
May 16 19:11:13    128.2    21757779      195    93.7%    193.9     0.8%     2.9%     0.1%     0.0%     3.2%     0.1%
May 16 19:12:16    122.1    22865788      195    93.7%    193.9     0.8%     2.9%     0.1%     0.0%     3.2%     0.1%
May 16 19:13:36    119.8    25081654      195    93.7%    193.9     0.8%     2.9%     0.1%     0.0%     3.2%     0.1%
May 16 19:15:09    117.9    27740173      195    93.7%    193.9     0.8%     2.9%     0.1%     0.0%     3.2%     0.1%
May 16 19:16:44    116.6    30510524      195    93.7%    193.9     0.8%     2.9%     0.1%     0.0%     3.2%     0.1%
May 16 19:17:59    117.0    33058567      195    93.7%    193.9     0.8%     2.9%     0.1%     0.0%     3.2%     0.1%
May 16 19:19:00    118.5    35496199      195    93.7%    193.9     0.8%     2.9%     0.1%     0.0%     3.2%     0.1%
May 16 19:20:04    114.7    36382374      195    93.7%    193.9     0.8%     2.9%     0.1%     0.0%     3.2%     0.1%
May 16 19:21:16    116.1    39152177      195    93.7%    194.0     0.8%     2.9%     0.1%     0.0%     3.2%     0.1%
May 16 19:22:19    118.8    42143269      195    93.7%    194.0     0.8%     2.9%     0.1%     0.0%     3.2%     0.1%
May 16 19:23:19    114.7    42586241      195    93.7%    194.0     0.8%     2.9%     0.1%     0.0%     3.2%     0.1%
May 16 19:24:28    115.0    44913212      195    93.7%    194.0     0.8%     2.9%     0.1%     0.0%     3.2%     0.1%
May 16 19:26:07    113.8    47571707      195    93.7%    194.0     0.8%     2.9%     0.1%     0.0%     3.2%     0.1%
May 16 19:27:13    114.3    49897907      195    93.7%    194.0     0.8%     2.9%     0.1%     0.0%     3.2%     0.1%
May 16 19:28:20    111.4    50673727      195    93.7%    194.0     0.8%     2.9%     0.1%     0.0%     3.2%     0.1%
May 16 19:29:34    110.5    52556972      195    93.7%    194.0     0.8%     2.9%     0.1%     0.0%     3.2%     0.1%
May 16 19:30:35    108.7    53553753      195    93.7%    194.0     0.8%     2.9%     0.1%     0.0%     3.2%     0.1%
May 16 19:31:42    108.7    55547947      195    93.7%    194.0     0.8%     2.9%     0.1%     0.0%     3.2%     0.1%
May 16 19:32:43    107.3    56656000      195    93.7%    194.0     0.8%     2.9%     0.1%     0.0%     3.2%     0.1%
May 16 19:33:58    105.6    57985544      195    93.7%    194.0     0.8%     2.9%     0.1%     0.0%     3.2%     0.1%
May 16 19:34:59    106.6    60311843      195    93.7%    194.0     0.8%     2.9%     0.1%     0.0%     3.2%     0.1%
May 16 19:36:00    104.6    60976249      195    93.7%    194.0     0.8%     2.9%     0.1%     0.0%     3.2%     0.1%
May 16 19:37:04    104.3    62638022      195    93.7%    194.0     0.8%     2.9%     0.1%     0.0%     3.2%     0.1%
May 16 19:38:05    102.2    63081141      195    93.7%    194.0     0.8%     2.9%     0.1%     0.0%     3.2%     0.1%
May 16 19:39:06    102.0    64743154      195    93.7%    194.0     0.8%     2.9%     0.1%     0.0%     3.2%     0.1%
May 16 19:40:07    100.9    65740180      195    93.7%    194.0     0.8%     2.9%     0.1%     0.0%     3.2%     0.1%
May 16 19:41:24     99.9    67180467      195    93.7%    194.0     0.8%     2.9%     0.1%     0.0%     3.2%     0.1%
May 16 19:42:25    100.1    69063615      195    93.7%    194.0     0.8%     2.9%     0.1%     0.0%     3.2%     0.1%
May 16 19:43:33     99.2    70281851      195    93.7%    194.0     0.8%     2.9%     0.1%     0.0%     3.2%     0.1%
May 16 19:44:35     98.5    71500742      195    93.7%    194.0     0.8%     2.9%     0.1%     0.0%     3.2%     0.1%
May 16 19:45:35     98.2    72940917      195    93.7%    194.0     0.8%     2.9%     0.1%     0.0%     3.2%     0.1%
May 16 19:46:43     97.1    73937676      195    93.7%    194.0     0.8%     2.9%     0.1%     0.0%     3.1%     0.1%
May 16 19:47:52     96.9    75599498      195    93.7%    194.0     0.8%     2.9%     0.1%     0.0%     3.1%     0.1%
May 16 19:48:55     96.5    77039759      195    93.7%    194.0     0.8%     2.9%     0.1%     0.0%     3.1%     0.1%
May 16 19:49:56     96.7    78812172      195    93.7%    194.0     0.8%     2.9%     0.1%     0.0%     3.1%     0.1%
May 16 19:51:05     95.8    79920189      195    93.7%    194.0     0.8%     2.9%     0.1%     0.0%     3.1%     0.1%
May 16 19:52:07     95.8    81581724      195    93.7%    194.0     0.8%     2.9%     0.1%     0.0%     3.1%     0.1%
May 16 19:53:07     95.5    82910735      195    93.7%    194.0     0.8%     2.9%     0.1%     0.0%     3.1%     0.1%
May 16 19:54:08     95.6    84572484      195    93.7%    194.0     0.8%     2.9%     0.1%     0.0%     3.1%     0.1%
May 16 19:55:08     95.4    86012779      195    93.7%    194.0     0.8%     2.9%     0.1%     0.0%     3.1%     0.1%
May 16 20:36:06     54.9    86950218      195    93.7%    194.0     0.8%     2.9%     0.1%     0.0%     3.1%     0.1%
ALL DONE!
