                                 Started job on |	May 16 16:43:27
                             Started mapping on |	May 16 17:20:59
                                    Finished on |	May 16 18:55:54
       Mapping speed, Million of reads per hour |	68.97

                          Number of input reads |	109112803
                      Average input read length |	195
                                    UNIQUE READS:
                   Uniquely mapped reads number |	102034232
                        Uniquely mapped reads % |	93.51%
                          Average mapped length |	193.72
                       Number of splices: Total |	47755335
            Number of splices: Annotated (sjdb) |	46051047
                       Number of splices: GT/AG |	47131222
                       Number of splices: GC/AG |	386572
                       Number of splices: AT/AC |	37984
               Number of splices: Non-canonical |	199557
                      Mismatch rate per base, % |	0.77%
                         Deletion rate per base |	0.05%
                        Deletion average length |	2.02
                        Insertion rate per base |	0.04%
                       Insertion average length |	1.99
                             MULTI-MAPPING READS:
        Number of reads mapped to multiple loci |	3838986
             % of reads mapped to multiple loci |	3.52%
        Number of reads mapped to too many loci |	189490
             % of reads mapped to too many loci |	0.17%
                                  UNMAPPED READS:
       % of reads unmapped: too many mismatches |	0.00%
                 % of reads unmapped: too short |	2.73%
                     % of reads unmapped: other |	0.07%
                                  CHIMERIC READS:
                       Number of chimeric reads |	0
                            % of chimeric reads |	0.00%
