           Time    Speed        Read     Read   Mapped   Mapped   Mapped   Mapped Unmapped Unmapped Unmapped Unmapped
                    M/hr      number   length   unique   length   MMrate    multi   multi+       MM    short    other
May 17 16:48:56     93.7     1562480      195    91.4%    193.7     0.9%     4.8%     0.2%     0.0%     3.5%     0.1%
May 17 16:49:58     98.7     3343459      195    91.5%    193.7     0.9%     4.8%     0.2%     0.0%     3.5%     0.1%
May 17 16:50:58    119.0     6014346      195    91.5%    193.7     0.8%     4.8%     0.2%     0.0%     3.5%     0.1%
May 17 16:52:03    100.6     6904221      195    91.5%    193.7     0.8%     4.8%     0.2%     0.0%     3.5%     0.1%
May 17 16:53:03    116.2     9909761      195    91.5%    193.8     0.8%     4.8%     0.2%     0.0%     3.5%     0.1%
May 17 16:54:03    111.3    11351004      195    91.5%    193.8     0.8%     4.8%     0.2%     0.0%     3.5%     0.1%
May 17 16:55:09    109.1    13126528      195    91.4%    193.7     0.8%     4.8%     0.2%     0.0%     3.5%     0.1%
May 17 16:56:31    111.1    15899484      195    91.5%    193.7     0.8%     4.8%     0.2%     0.0%     3.5%     0.1%
May 17 16:57:32    114.6    18338889      195    91.5%    193.7     0.8%     4.8%     0.2%     0.0%     3.5%     0.1%
May 17 16:58:34    110.4    19558151      195    91.5%    193.7     0.8%     4.8%     0.2%     0.0%     3.5%     0.1%
May 17 16:59:41    114.6    22441102      195    91.5%    193.7     0.8%     4.8%     0.2%     0.0%     3.5%     0.1%
May 17 17:00:41    112.9    23993575      195    91.5%    193.7     0.8%     4.8%     0.2%     0.0%     3.5%     0.1%
May 17 17:01:47    114.0    26322448      195    91.5%    193.7     0.8%     4.8%     0.2%     0.0%     3.5%     0.1%
May 17 17:03:19    115.2    29538559      195    91.5%    193.7     0.8%     4.8%     0.2%     0.0%     3.5%     0.1%
May 17 17:04:27    117.4    32310813      195    91.5%    193.7     0.8%     4.8%     0.2%     0.0%     3.5%     0.1%
May 17 17:05:27    114.9    33529931      195    91.5%    193.7     0.8%     4.8%     0.2%     0.0%     3.5%     0.1%
May 17 17:06:28    114.3    35304297      195    91.5%    193.7     0.8%     4.8%     0.2%     0.0%     3.5%     0.1%
May 17 17:07:50    115.8    38408767      195    91.5%    193.8     0.8%     4.8%     0.2%     0.0%     3.5%     0.1%
May 17 17:08:52    113.3    39518332      195    91.5%    193.7     0.8%     4.8%     0.2%     0.0%     3.5%     0.1%
May 17 17:09:52    114.5    41847277      195    91.5%    193.7     0.8%     4.8%     0.2%     0.0%     3.5%     0.1%
May 17 17:10:56    114.7    43953719      195    91.5%    193.7     0.8%     4.8%     0.2%     0.0%     3.5%     0.1%
May 17 17:11:56    115.4    46171436      195    91.5%    193.7     0.8%     4.8%     0.2%     0.0%     3.5%     0.1%
May 17 17:12:56    114.8    47833968      195    91.5%    193.8     0.8%     4.8%     0.2%     0.0%     3.5%     0.1%
May 17 17:13:57    116.5    50495163      195    91.5%    193.8     0.8%     4.8%     0.2%     0.0%     3.5%     0.1%
May 17 17:14:58    115.5    52047578      195    91.5%    193.8     0.8%     4.8%     0.2%     0.0%     3.5%     0.1%
May 17 17:16:01    115.0    53821589      195    91.5%    193.8     0.8%     4.8%     0.2%     0.0%     3.5%     0.1%
May 17 17:17:06    115.3    56039341      195    91.5%    193.8     0.8%     4.8%     0.2%     0.0%     3.5%     0.1%
May 17 17:18:06    116.8    58700366      195    91.5%    193.8     0.8%     4.8%     0.2%     0.0%     3.5%     0.1%
May 17 17:19:07    116.4    60474321      195    91.5%    193.8     0.8%     4.8%     0.2%     0.0%     3.5%     0.1%
May 17 17:20:16    116.7    62913492      195    91.5%    193.8     0.8%     4.8%     0.2%     0.0%     3.5%     0.1%
May 17 17:21:16    116.8    64908672      195    91.5%    193.8     0.8%     4.8%     0.2%     0.0%     3.5%     0.1%
May 17 17:22:17    116.7    66793214      195    91.5%    193.8     0.8%     4.8%     0.2%     0.0%     3.5%     0.1%
May 17 17:23:22    117.2    69232401      195    91.5%    193.8     0.8%     4.8%     0.2%     0.0%     3.5%     0.1%
May 17 17:24:29    117.3    71450028      195    91.5%    193.8     0.8%     4.8%     0.2%     0.0%     3.5%     0.1%
May 17 17:25:29    116.3    72780973      195    91.5%    193.8     0.8%     4.8%     0.2%     0.0%     3.5%     0.1%
May 17 17:26:29    117.1    75220013      195    91.5%    193.8     0.8%     4.8%     0.2%     0.0%     3.5%     0.1%
May 17 17:27:48    117.0    77770097      195    91.5%    193.8     0.8%     4.8%     0.2%     0.0%     3.5%     0.1%
May 17 17:28:48    118.7    80874174      195    91.5%    193.8     0.8%     4.8%     0.2%     0.0%     3.5%     0.1%
May 17 17:29:49    117.0    81650533      195    91.5%    193.8     0.8%     4.8%     0.2%     0.0%     3.4%     0.1%
May 17 17:31:06    116.9    84089933      195    91.5%    193.8     0.8%     4.8%     0.2%     0.0%     3.4%     0.1%
May 17 17:32:31    117.8    87526882      195    91.5%    193.8     0.8%     4.8%     0.2%     0.0%     3.4%     0.1%
May 17 17:33:32    118.2    89855096      195    91.5%    193.8     0.8%     4.8%     0.2%     0.0%     3.4%     0.1%
May 17 17:34:34    117.3    91185807      195    91.5%    193.8     0.8%     4.8%     0.2%     0.0%     3.4%     0.1%
May 17 17:35:40    118.7    94401104      195    91.5%    193.8     0.8%     4.8%     0.2%     0.0%     3.4%     0.1%
May 17 17:36:59    119.4    97616059      195    91.5%    193.8     0.8%     4.8%     0.2%     0.0%     3.4%     0.1%
May 17 17:38:00    120.6   100607609      195    91.5%    193.8     0.8%     4.8%     0.2%     0.0%     3.4%     0.1%
May 17 17:39:01    120.1   102264272      195    91.5%    193.8     0.8%     4.8%     0.2%     0.0%     3.4%     0.1%
May 17 17:40:02    121.0   105025892      195    91.5%    193.8     0.8%     4.8%     0.2%     0.0%     3.4%     0.1%
May 17 17:41:07    121.5   107677641      195    91.5%    193.8     0.8%     4.8%     0.2%     0.0%     3.4%     0.1%
May 17 17:42:10    123.0   111212540      195    91.5%    193.8     0.8%     4.8%     0.2%     0.0%     3.4%     0.1%
May 17 17:56:35     98.1   112190728      195    91.5%    193.8     0.8%     4.8%     0.2%     0.0%     3.4%     0.1%
ALL DONE!
