                                 Started job on |	May 16 15:30:59
                             Started mapping on |	May 16 15:32:32
                                    Finished on |	May 16 21:00:34
       Mapping speed, Million of reads per hour |	21.44

                          Number of input reads |	117238255
                      Average input read length |	195
                                    UNIQUE READS:
                   Uniquely mapped reads number |	108433919
                        Uniquely mapped reads % |	92.49%
                          Average mapped length |	193.75
                       Number of splices: Total |	54842376
            Number of splices: Annotated (sjdb) |	52845394
                       Number of splices: GT/AG |	54119266
                       Number of splices: GC/AG |	444826
                       Number of splices: AT/AC |	43634
               Number of splices: Non-canonical |	234650
                      Mismatch rate per base, % |	0.79%
                         Deletion rate per base |	0.06%
                        Deletion average length |	2.03
                        Insertion rate per base |	0.04%
                       Insertion average length |	1.98
                             MULTI-MAPPING READS:
        Number of reads mapped to multiple loci |	5227651
             % of reads mapped to multiple loci |	4.46%
        Number of reads mapped to too many loci |	206826
             % of reads mapped to too many loci |	0.18%
                                  UNMAPPED READS:
       % of reads unmapped: too many mismatches |	0.00%
                 % of reads unmapped: too short |	2.82%
                     % of reads unmapped: other |	0.06%
                                  CHIMERIC READS:
                       Number of chimeric reads |	0
                            % of chimeric reads |	0.00%
