           Time    Speed        Read     Read   Mapped   Mapped   Mapped   Mapped Unmapped Unmapped Unmapped Unmapped
                    M/hr      number   length   unique   length   MMrate    multi   multi+       MM    short    other
May 16 17:25:07      1.6      112450      195    93.6%    193.6     0.8%     3.5%     0.2%     0.0%     2.7%     0.1%
May 16 17:26:08     18.2     1563092      195    93.4%    193.6     0.8%     3.5%     0.2%     0.0%     2.8%     0.1%
May 16 17:27:10     21.6     2231039      195    93.5%    193.6     0.8%     3.5%     0.2%     0.0%     2.8%     0.1%
May 16 17:28:13     27.7     3344752      195    93.5%    193.7     0.8%     3.5%     0.2%     0.0%     2.8%     0.1%
May 16 17:29:17     32.2     4457816      195    93.5%    193.7     0.8%     3.5%     0.2%     0.0%     2.8%     0.1%
May 16 17:30:23     35.6     5571472      195    93.5%    193.7     0.8%     3.5%     0.2%     0.0%     2.8%     0.1%
May 16 17:31:24     39.1     6795553      195    93.5%    193.7     0.8%     3.5%     0.2%     0.0%     2.8%     0.1%
May 16 17:32:26     40.9     7798015      195    93.5%    193.7     0.8%     3.5%     0.2%     0.0%     2.8%     0.1%
May 16 17:33:46     42.3     9022243      195    93.5%    193.7     0.8%     3.5%     0.2%     0.0%     2.8%     0.1%
May 16 17:34:59     45.8    10689958      195    93.5%    193.7     0.8%     3.5%     0.2%     0.0%     2.8%     0.1%
May 16 17:36:01     50.6    12687788      195    93.5%    193.7     0.8%     3.5%     0.2%     0.0%     2.8%     0.1%
May 16 17:37:05     49.8    13354141      195    93.5%    193.7     0.8%     3.5%     0.2%     0.0%     2.8%     0.1%
May 16 17:38:05     54.6    15572813      195    93.5%    193.7     0.8%     3.5%     0.2%     0.0%     2.8%     0.1%
May 16 17:39:07     55.9    16903419      195    93.5%    193.7     0.8%     3.5%     0.2%     0.0%     2.8%     0.1%
May 16 17:40:11     56.3    18013084      195    93.5%    193.7     0.8%     3.5%     0.2%     0.0%     2.8%     0.1%
May 16 17:41:15     56.3    19011060      195    93.5%    193.7     0.8%     3.5%     0.2%     0.0%     2.8%     0.1%
May 16 17:42:40     56.6    20453400      195    93.5%    193.7     0.8%     3.5%     0.2%     0.0%     2.8%     0.1%
May 16 17:43:46     57.4    21784041      195    93.5%    193.7     0.8%     3.5%     0.2%     0.0%     2.8%     0.1%
May 16 17:44:46     57.8    22893697      195    93.5%    193.7     0.8%     3.5%     0.2%     0.0%     2.8%     0.1%
May 16 17:45:53     59.7    24779503      195    93.5%    193.7     0.8%     3.5%     0.2%     0.0%     2.8%     0.1%
May 16 17:46:53     60.7    26221537      195    93.5%    193.7     0.8%     3.5%     0.2%     0.0%     2.8%     0.1%
May 16 17:47:56     62.1    27885709      195    93.5%    193.7     0.8%     3.5%     0.2%     0.0%     2.8%     0.1%
May 16 17:49:02     63.9    29882504      195    93.5%    193.7     0.8%     3.5%     0.2%     0.0%     2.8%     0.1%
May 16 17:50:07     64.5    31324947      195    93.5%    193.7     0.8%     3.5%     0.2%     0.0%     2.8%     0.1%
May 16 17:51:08     65.2    32766532      195    93.5%    193.7     0.8%     3.5%     0.2%     0.0%     2.8%     0.1%
May 16 17:52:10     66.5    34541359      195    93.5%    193.7     0.8%     3.5%     0.2%     0.0%     2.8%     0.1%
May 16 17:53:13     66.8    35872536      195    93.5%    193.7     0.8%     3.5%     0.2%     0.0%     2.8%     0.1%
May 16 17:54:14     67.7    37536229      195    93.5%    193.7     0.8%     3.5%     0.2%     0.0%     2.8%     0.1%
May 16 17:55:19     68.1    38978939      195    93.5%    193.7     0.8%     3.5%     0.2%     0.0%     2.8%     0.1%
May 16 17:56:20     69.5    40976002      195    93.5%    193.7     0.8%     3.5%     0.2%     0.0%     2.8%     0.1%
May 16 17:57:22     71.0    43083564      195    93.5%    193.7     0.8%     3.5%     0.2%     0.0%     2.8%     0.1%
May 16 17:58:22     71.1    44303160      195    93.5%    193.7     0.8%     3.5%     0.2%     0.0%     2.8%     0.1%
May 16 17:59:27     72.4    46410763      195    93.5%    193.7     0.8%     3.5%     0.2%     0.0%     2.8%     0.1%
May 16 18:00:34     73.7    48629283      195    93.5%    193.7     0.8%     3.5%     0.2%     0.0%     2.8%     0.1%
May 16 18:01:34     75.3    50958603      195    93.5%    193.7     0.8%     3.5%     0.2%     0.0%     2.8%     0.1%
May 16 18:02:34     75.8    52511599      195    93.5%    193.7     0.8%     3.5%     0.2%     0.0%     2.8%     0.1%
May 16 18:03:34     76.6    54397492      195    93.5%    193.7     0.8%     3.5%     0.2%     0.0%     2.8%     0.1%
May 16 18:04:34     77.0    55949915      195    93.5%    193.7     0.8%     3.5%     0.2%     0.0%     2.8%     0.1%
May 16 18:05:35     78.6    58390280      195    93.5%    193.7     0.8%     3.5%     0.2%     0.0%     2.8%     0.1%
May 16 18:06:40     79.7    60719649      195    93.5%    193.7     0.8%     3.5%     0.2%     0.0%     2.8%     0.1%
May 16 18:07:42     82.3    64047211      195    93.5%    193.7     0.8%     3.5%     0.2%     0.0%     2.8%     0.1%
May 16 18:08:42     83.6    66487139      195    93.5%    193.7     0.8%     3.5%     0.2%     0.0%     2.8%     0.1%
May 16 18:09:43     84.0    68262269      195    93.5%    193.7     0.8%     3.5%     0.2%     0.0%     2.8%     0.1%
May 16 18:10:43     86.0    71256882      195    93.5%    193.7     0.8%     3.5%     0.2%     0.0%     2.8%     0.1%
May 16 18:11:44     87.5    74029550      195    93.5%    193.7     0.8%     3.5%     0.2%     0.0%     2.8%     0.1%
May 16 18:12:44     88.8    76580512      195    93.5%    193.7     0.8%     3.5%     0.2%     0.0%     2.7%     0.1%
May 16 18:13:44     90.3    79353761      195    93.5%    193.7     0.8%     3.5%     0.2%     0.0%     2.7%     0.1%
May 16 18:14:44     91.1    81571920      195    93.5%    193.7     0.8%     3.5%     0.2%     0.0%     2.7%     0.1%
May 16 18:15:47     91.9    83901412      195    93.5%    193.7     0.8%     3.5%     0.2%     0.0%     2.7%     0.1%
May 16 18:16:47     93.1    86563586      195    93.5%    193.7     0.8%     3.5%     0.2%     0.0%     2.7%     0.1%
May 16 18:17:47     94.0    89003883      195    93.5%    193.7     0.8%     3.5%     0.2%     0.0%     2.7%     0.1%
May 16 18:18:50     95.6    92220106      195    93.5%    193.7     0.8%     3.5%     0.2%     0.0%     2.7%     0.1%
May 16 18:19:50     96.4    94549450      195    93.5%    193.7     0.8%     3.5%     0.2%     0.0%     2.7%     0.1%
May 16 18:20:52     97.2    96989408      195    93.5%    193.7     0.8%     3.5%     0.2%     0.0%     2.7%     0.1%
May 16 18:21:52     98.3    99762043      195    93.5%    193.7     0.8%     3.5%     0.2%     0.0%     2.7%     0.1%
May 16 18:22:52     99.2   102304943      195    93.5%    193.7     0.8%     3.5%     0.2%     0.0%     2.7%     0.1%
May 16 18:23:53     99.9   104736489      195    93.5%    193.7     0.8%     3.5%     0.2%     0.0%     2.7%     0.1%
May 16 18:24:59    100.8   107499370      195    93.5%    193.7     0.8%     3.5%     0.2%     0.0%     2.7%     0.1%
May 16 18:55:54     69.0   109112803      195    93.5%    193.7     0.8%     3.5%     0.2%     0.0%     2.7%     0.1%
ALL DONE!
