           Time    Speed        Read     Read   Mapped   Mapped   Mapped   Mapped Unmapped Unmapped Unmapped Unmapped
                    M/hr      number   length   unique   length   MMrate    multi   multi+       MM    short    other
May 16 19:11:14      5.0      112520      195    92.2%    193.6     0.8%     4.4%     0.2%     0.0%     3.1%     0.0%
May 16 19:12:19     55.1     2232801      195    92.1%    193.5     0.8%     4.4%     0.2%     0.0%     3.3%     0.1%
May 16 19:13:27     67.5     4015213      195    92.1%    193.6     0.8%     4.4%     0.2%     0.0%     3.3%     0.1%
May 16 19:14:32     83.4     6465731      195    92.1%    193.6     0.8%     4.4%     0.2%     0.0%     3.3%     0.1%
May 16 19:15:33     80.3     7580057      195    92.1%    193.6     0.8%     4.4%     0.2%     0.0%     3.3%     0.1%
May 16 19:16:39     85.0     9585440      195    92.1%    193.6     0.8%     4.4%     0.2%     0.0%     3.2%     0.1%
May 16 19:17:44     90.2    11807607      195    92.1%    193.6     0.8%     4.4%     0.2%     0.0%     3.2%     0.1%
May 16 19:18:45     90.4    13361469      195    92.1%    193.6     0.8%     4.4%     0.2%     0.0%     3.2%     0.1%
May 16 19:19:53     88.2    14693579      195    92.1%    193.6     0.8%     4.4%     0.2%     0.0%     3.2%     0.1%
May 16 19:20:55     90.8    16691356      195    92.1%    193.6     0.8%     4.4%     0.2%     0.0%     3.2%     0.1%
May 16 19:21:57     87.4    17579547      195    92.1%    193.6     0.8%     4.4%     0.2%     0.0%     3.2%     0.1%
May 16 19:22:58     91.8    20021580      195    92.1%    193.6     0.8%     4.4%     0.2%     0.0%     3.2%     0.1%
May 16 19:24:05     94.9    22463870      195    92.1%    193.6     0.8%     4.4%     0.2%     0.0%     3.2%     0.1%
May 16 19:25:05     92.2    23351679      195    92.1%    193.6     0.8%     4.4%     0.2%     0.0%     3.2%     0.1%
May 16 19:26:11     93.3    25349566      195    92.1%    193.6     0.8%     4.4%     0.2%     0.0%     3.2%     0.1%
May 16 19:27:11     94.8    27347403      195    92.1%    193.6     0.8%     4.4%     0.2%     0.0%     3.2%     0.1%
May 16 19:28:14     90.9    27791433      195    92.1%    193.6     0.8%     4.4%     0.2%     0.0%     3.2%     0.1%
May 16 19:29:14     93.4    30122882      195    92.1%    193.6     0.8%     4.4%     0.2%     0.0%     3.2%     0.1%
May 16 19:30:30     89.0    30566890      195    92.1%    193.6     0.8%     4.4%     0.2%     0.0%     3.2%     0.1%
May 16 19:31:33     90.5    32675698      195    92.1%    193.6     0.8%     4.4%     0.2%     0.0%     3.2%     0.1%
May 16 19:32:33     88.6    33452931      195    92.1%    193.6     0.8%     4.4%     0.2%     0.0%     3.2%     0.1%
May 16 19:33:47     87.3    34784659      195    92.1%    193.6     0.8%     4.4%     0.2%     0.0%     3.2%     0.1%
May 16 19:34:50     89.3    37115719      195    92.1%    193.6     0.8%     4.4%     0.2%     0.0%     3.2%     0.1%
May 16 19:36:08     86.1    37670491      195    92.1%    193.6     0.8%     4.4%     0.2%     0.0%     3.2%     0.1%
May 16 19:37:12     86.4    39335465      195    92.1%    193.6     0.8%     4.4%     0.2%     0.0%     3.2%     0.1%
May 16 19:38:13     84.7    40001064      195    92.1%    193.6     0.8%     4.4%     0.2%     0.0%     3.2%     0.1%
May 16 19:39:43     84.7    42109741      195    92.1%    193.6     0.8%     4.4%     0.2%     0.0%     3.2%     0.1%
May 16 19:40:50     84.6    43663815      195    92.1%    193.6     0.8%     4.4%     0.2%     0.0%     3.2%     0.1%
May 16 19:41:52     83.2    44329826      195    92.1%    193.6     0.8%     4.4%     0.2%     0.0%     3.2%     0.1%
May 16 19:43:03     84.2    46549832      195    92.1%    193.6     0.8%     4.4%     0.2%     0.0%     3.2%     0.1%
May 16 19:44:04     83.1    47326657      195    92.1%    193.6     0.8%     4.4%     0.2%     0.0%     3.2%     0.1%
May 16 19:45:10     83.1    48880637      195    92.1%    193.6     0.8%     4.4%     0.2%     0.0%     3.2%     0.1%
May 16 19:46:11     84.6    51211182      195    92.1%    193.6     0.8%     4.4%     0.2%     0.0%     3.2%     0.1%
May 16 19:47:13     82.5    51322116      195    92.1%    193.6     0.8%     4.4%     0.2%     0.0%     3.2%     0.1%
May 16 19:48:13     82.9    52986967      195    92.1%    193.6     0.8%     4.4%     0.2%     0.0%     3.2%     0.1%
May 16 19:49:16     82.1    53874698      195    92.1%    193.6     0.8%     4.4%     0.2%     0.0%     3.2%     0.1%
May 16 19:50:31     82.7    55983643      195    92.2%    193.6     0.8%     4.4%     0.2%     0.0%     3.2%     0.1%
May 16 19:51:31     82.8    57426667      195    92.2%    193.6     0.8%     4.4%     0.2%     0.0%     3.2%     0.1%
May 16 19:52:43     82.0    58536790      195    92.2%    193.6     0.8%     4.4%     0.2%     0.0%     3.2%     0.1%
May 16 19:54:08     83.0    61200386      195    92.2%    193.6     0.8%     4.4%     0.2%     0.0%     3.2%     0.1%
May 16 19:55:10     82.9    62532456      195    92.2%    193.6     0.8%     4.4%     0.2%     0.0%     3.2%     0.1%
May 16 19:56:17     83.0    64197277      195    92.2%    193.6     0.8%     4.4%     0.2%     0.0%     3.2%     0.1%
May 16 19:57:21     83.7    66195255      195    92.2%    193.6     0.8%     4.4%     0.2%     0.0%     3.2%     0.1%
May 16 19:58:21     83.9    67748944      195    92.2%    193.6     0.8%     4.4%     0.2%     0.0%     3.2%     0.1%
May 16 19:59:22     83.6    68969896      195    92.2%    193.6     0.8%     4.4%     0.2%     0.0%     3.2%     0.1%
May 16 20:00:31     84.0    70856729      195    92.2%    193.6     0.8%     4.4%     0.2%     0.0%     3.2%     0.1%
May 16 20:01:38     84.7    73076435      195    92.2%    193.6     0.8%     4.4%     0.2%     0.0%     3.2%     0.1%
May 16 20:02:38     84.6    74408461      195    92.2%    193.6     0.8%     4.4%     0.2%     0.0%     3.2%     0.1%
May 16 20:03:39     85.0    76184492      195    92.2%    193.6     0.8%     4.4%     0.2%     0.0%     3.2%     0.1%
May 16 20:04:48     85.5    78293050      195    92.2%    193.6     0.8%     4.4%     0.2%     0.0%     3.2%     0.1%
May 16 20:05:48     86.0    80179840      195    92.2%    193.6     0.8%     4.4%     0.2%     0.0%     3.2%     0.1%
May 16 20:06:54     86.0    81733725      195    92.2%    193.6     0.8%     4.4%     0.2%     0.0%     3.2%     0.1%
May 16 20:07:57     86.9    84064332      195    92.2%    193.6     0.8%     4.4%     0.2%     0.0%     3.2%     0.1%
May 16 20:08:59     88.0    86727633      195    92.2%    193.6     0.8%     4.4%     0.2%     0.0%     3.2%     0.1%
May 16 20:10:00     87.4    87615947      195    92.2%    193.6     0.8%     4.4%     0.2%     0.0%     3.2%     0.1%
May 16 20:54:36     51.1    89124828      195    92.2%    193.6     0.8%     4.4%     0.2%     0.0%     3.2%     0.1%
ALL DONE!
