           Time    Speed        Read     Read   Mapped   Mapped   Mapped   Mapped Unmapped Unmapped Unmapped Unmapped
                    M/hr      number   length   unique   length   MMrate    multi   multi+       MM    short    other
May 16 20:11:04      2.6      112410      195    94.2%    193.7     0.9%     2.7%     0.1%     0.0%     2.8%     0.1%
May 16 20:12:04      9.4      559651      195    94.2%    193.7     0.9%     2.7%     0.1%     0.0%     2.9%     0.1%
May 16 20:13:14     22.5     1784792      195    94.1%    193.7     0.9%     2.7%     0.2%     0.0%     2.9%     0.1%
May 16 20:14:14     26.8     2564426      195    94.1%    193.7     0.9%     2.7%     0.2%     0.0%     2.9%     0.1%
May 16 20:15:17     31.5     3565619      195    94.1%    193.7     0.9%     2.7%     0.2%     0.0%     3.0%     0.1%
May 16 20:16:19     32.4     4233176      195    94.1%    193.7     0.9%     2.7%     0.2%     0.0%     3.0%     0.1%
May 16 20:17:24     38.2     5680071      195    94.1%    193.7     0.8%     2.7%     0.2%     0.0%     2.9%     0.1%
May 16 20:18:25     38.3     6347435      195    94.1%    193.7     0.8%     2.7%     0.2%     0.0%     2.9%     0.1%
May 16 20:19:25     41.6     7571901      195    94.1%    193.7     0.8%     2.7%     0.2%     0.0%     2.9%     0.1%
May 16 20:20:36     43.6     8795802      195    94.1%    193.7     0.8%     2.7%     0.2%     0.0%     2.9%     0.1%
May 16 20:21:38     45.2     9908799      195    94.1%    193.7     0.8%     2.7%     0.2%     0.0%     2.9%     0.1%
May 16 20:22:48     47.6    11350623      195    94.1%    193.7     0.8%     2.7%     0.2%     0.0%     2.9%     0.1%
May 16 20:23:50     51.3    13126204      195    94.1%    193.7     0.8%     2.7%     0.2%     0.0%     3.0%     0.1%
May 16 20:24:59     49.7    13680357      195    94.1%    193.7     0.8%     2.7%     0.2%     0.0%     2.9%     0.1%
May 16 20:25:59     50.7    14789572      195    94.1%    193.7     0.8%     2.7%     0.2%     0.0%     2.9%     0.1%
May 16 20:27:20     53.8    16896203      195    94.1%    193.7     0.8%     2.7%     0.2%     0.0%     2.9%     0.1%
May 16 20:28:20     53.4    17672093      195    94.1%    193.7     0.8%     2.7%     0.2%     0.0%     2.9%     0.1%
May 16 20:29:23     54.6    19002646      195    94.1%    193.7     0.8%     2.7%     0.2%     0.0%     2.9%     0.1%
May 16 20:30:26     55.6    20332916      195    94.1%    193.7     0.8%     2.7%     0.2%     0.0%     2.9%     0.1%
May 16 20:31:34     55.4    21331042      195    94.1%    193.7     0.8%     2.7%     0.2%     0.0%     2.9%     0.1%
May 16 20:32:37     55.5    22328683      195    94.1%    193.7     0.8%     2.7%     0.2%     0.0%     2.9%     0.1%
May 16 20:33:37     56.5    23659564      195    94.1%    193.7     0.8%     2.7%     0.2%     0.0%     2.9%     0.1%
May 16 20:34:43     56.9    24879132      195    94.1%    193.7     0.8%     2.7%     0.2%     0.0%     2.9%     0.1%
May 16 20:35:45     57.9    26320899      195    94.1%    193.7     0.8%     2.7%     0.2%     0.0%     2.9%     0.1%
May 16 20:36:54     57.7    27318884      195    94.1%    193.7     0.8%     2.7%     0.2%     0.0%     2.9%     0.1%
May 16 20:37:58     59.2    29092447      195    94.1%    193.7     0.8%     2.7%     0.2%     0.0%     2.9%     0.1%
May 16 20:39:08     59.1    30201693      195    94.1%    193.7     0.8%     2.7%     0.2%     0.0%     2.9%     0.1%
May 16 20:40:11     59.3    31310230      195    94.1%    193.7     0.8%     2.7%     0.2%     0.0%     2.9%     0.1%
May 16 20:41:17     60.5    33084152      195    94.1%    193.7     0.8%     2.7%     0.2%     0.0%     2.9%     0.1%
May 16 20:42:17     60.5    34082191      195    94.1%    193.7     0.8%     2.7%     0.2%     0.0%     2.9%     0.1%
May 16 20:43:23     60.9    35412939      195    94.1%    193.7     0.8%     2.7%     0.2%     0.0%     2.9%     0.1%
May 16 20:44:28     61.6    36965253      195    94.1%    193.7     0.8%     2.7%     0.2%     0.0%     2.9%     0.1%
May 16 20:45:31     62.4    38517845      195    94.1%    193.7     0.8%     2.7%     0.2%     0.0%     2.9%     0.1%
May 16 20:46:40     63.3    40291543      195    94.1%    193.7     0.8%     2.7%     0.2%     0.0%     2.9%     0.1%
May 16 20:47:40     64.4    42065302      195    94.1%    193.7     0.8%     2.7%     0.2%     0.0%     2.9%     0.1%
May 16 20:48:41     64.8    43396114      195    94.1%    193.7     0.8%     2.7%     0.2%     0.0%     2.9%     0.1%
May 16 20:49:42     65.1    44726466      195    94.1%    193.7     0.8%     2.7%     0.2%     0.0%     2.9%     0.1%
May 16 20:50:45     65.9    46389451      195    94.1%    193.7     0.8%     2.7%     0.2%     0.0%     2.9%     0.1%
May 16 20:51:47     66.9    48274205      195    94.1%    193.7     0.8%     2.7%     0.2%     0.0%     2.9%     0.1%
May 16 20:52:49     68.2    50380808      195    94.1%    193.7     0.8%     2.7%     0.2%     0.0%     2.9%     0.1%
May 16 20:54:03     69.3    52598325      195    94.1%    193.7     0.8%     2.7%     0.2%     0.0%     2.9%     0.1%
May 16 20:55:08     71.2    55369762      195    94.1%    193.7     0.8%     2.7%     0.2%     0.0%     2.9%     0.1%
May 16 20:56:10     71.9    57143774      195    94.1%    193.7     0.8%     2.7%     0.2%     0.0%     2.9%     0.1%
May 16 20:57:13     73.6    59804066      195    94.1%    193.7     0.8%     2.7%     0.2%     0.0%     2.9%     0.1%
May 16 20:58:20     75.1    62354314      195    94.1%    193.8     0.8%     2.7%     0.2%     0.0%     2.9%     0.1%
May 16 20:59:24     77.0    65347425      195    94.1%    193.8     0.8%     2.7%     0.2%     0.0%     2.9%     0.1%
May 16 21:00:28     78.6    68119062      195    94.1%    193.8     0.8%     2.7%     0.2%     0.0%     2.9%     0.1%
May 16 21:01:34     79.0    69893065      195    94.1%    193.8     0.8%     2.7%     0.2%     0.0%     2.9%     0.1%
May 16 21:02:34     80.6    72665014      195    94.1%    193.8     0.8%     2.7%     0.2%     0.0%     2.9%     0.1%
May 16 21:03:36     81.9    75214675      195    94.1%    193.8     0.8%     2.7%     0.2%     0.0%     2.9%     0.1%
May 16 21:04:38     84.3    78873343      195    94.2%    193.8     0.8%     2.7%     0.2%     0.0%     2.9%     0.1%
May 16 21:05:38     86.8    82642587      195    94.2%    193.8     0.8%     2.7%     0.2%     0.0%     2.9%     0.1%
May 16 21:06:38     89.6    86855556      195    94.2%    193.8     0.8%     2.7%     0.2%     0.0%     2.9%     0.1%
May 16 21:07:38     91.7    90403309      195    94.2%    193.8     0.8%     2.7%     0.2%     0.0%     2.9%     0.1%
May 16 21:08:38     95.4    95613391      195    94.2%    193.8     0.8%     2.7%     0.2%     0.0%     2.9%     0.1%
May 16 21:09:38     98.7   100600476      195    94.2%    193.8     0.8%     2.7%     0.2%     0.0%     2.9%     0.1%
May 16 21:19:22     86.6   102312286      195    94.2%    193.8     0.8%     2.7%     0.2%     0.0%     2.9%     0.1%
ALL DONE!
