                                 Started job on |	May 16 15:30:48
                             Started mapping on |	May 16 15:32:32
                                    Finished on |	May 16 18:04:43
       Mapping speed, Million of reads per hour |	37.53

                          Number of input reads |	95183405
                      Average input read length |	195
                                    UNIQUE READS:
                   Uniquely mapped reads number |	86460651
                        Uniquely mapped reads % |	90.84%
                          Average mapped length |	193.87
                       Number of splices: Total |	44883516
            Number of splices: Annotated (sjdb) |	43330680
                       Number of splices: GT/AG |	44314342
                       Number of splices: GC/AG |	361570
                       Number of splices: AT/AC |	35533
               Number of splices: Non-canonical |	172071
                      Mismatch rate per base, % |	0.80%
                         Deletion rate per base |	0.06%
                        Deletion average length |	1.99
                        Insertion rate per base |	0.04%
                       Insertion average length |	2.02
                             MULTI-MAPPING READS:
        Number of reads mapped to multiple loci |	5827108
             % of reads mapped to multiple loci |	6.12%
        Number of reads mapped to too many loci |	183212
             % of reads mapped to too many loci |	0.19%
                                  UNMAPPED READS:
       % of reads unmapped: too many mismatches |	0.00%
                 % of reads unmapped: too short |	2.78%
                     % of reads unmapped: other |	0.07%
                                  CHIMERIC READS:
                       Number of chimeric reads |	0
                            % of chimeric reads |	0.00%
