                                 Started job on |	May 16 15:30:56
                             Started mapping on |	May 16 15:32:32
                                    Finished on |	May 16 18:14:44
       Mapping speed, Million of reads per hour |	36.62

                          Number of input reads |	99001536
                      Average input read length |	195
                                    UNIQUE READS:
                   Uniquely mapped reads number |	91228403
                        Uniquely mapped reads % |	92.15%
                          Average mapped length |	193.81
                       Number of splices: Total |	49556804
            Number of splices: Annotated (sjdb) |	47873509
                       Number of splices: GT/AG |	48950677
                       Number of splices: GC/AG |	387427
                       Number of splices: AT/AC |	37792
               Number of splices: Non-canonical |	180908
                      Mismatch rate per base, % |	0.79%
                         Deletion rate per base |	0.06%
                        Deletion average length |	1.99
                        Insertion rate per base |	0.04%
                       Insertion average length |	2.00
                             MULTI-MAPPING READS:
        Number of reads mapped to multiple loci |	4447191
             % of reads mapped to multiple loci |	4.49%
        Number of reads mapped to too many loci |	168423
             % of reads mapped to too many loci |	0.17%
                                  UNMAPPED READS:
       % of reads unmapped: too many mismatches |	0.00%
                 % of reads unmapped: too short |	3.12%
                     % of reads unmapped: other |	0.07%
                                  CHIMERIC READS:
                       Number of chimeric reads |	0
                            % of chimeric reads |	0.00%
