                                 Started job on |	May 16 19:08:50
                             Started mapping on |	May 16 19:24:58
                                    Finished on |	May 16 21:09:25
       Mapping speed, Million of reads per hour |	54.92

                          Number of input reads |	95599558
                      Average input read length |	195
                                    UNIQUE READS:
                   Uniquely mapped reads number |	90318692
                        Uniquely mapped reads % |	94.48%
                          Average mapped length |	193.87
                       Number of splices: Total |	47079319
            Number of splices: Annotated (sjdb) |	45346002
                       Number of splices: GT/AG |	46482322
                       Number of splices: GC/AG |	381303
                       Number of splices: AT/AC |	36816
               Number of splices: Non-canonical |	178878
                      Mismatch rate per base, % |	0.81%
                         Deletion rate per base |	0.05%
                        Deletion average length |	2.05
                        Insertion rate per base |	0.04%
                       Insertion average length |	2.04
                             MULTI-MAPPING READS:
        Number of reads mapped to multiple loci |	2379273
             % of reads mapped to multiple loci |	2.49%
        Number of reads mapped to too many loci |	129768
             % of reads mapped to too many loci |	0.14%
                                  UNMAPPED READS:
       % of reads unmapped: too many mismatches |	0.00%
                 % of reads unmapped: too short |	2.84%
                     % of reads unmapped: other |	0.06%
                                  CHIMERIC READS:
                       Number of chimeric reads |	0
                            % of chimeric reads |	0.00%
