                                 Started job on |	May 16 18:49:04
                             Started mapping on |	May 16 18:49:47
                                    Finished on |	May 16 20:34:32
       Mapping speed, Million of reads per hour |	53.71

                          Number of input reads |	93770418
                      Average input read length |	195
                                    UNIQUE READS:
                   Uniquely mapped reads number |	87787631
                        Uniquely mapped reads % |	93.62%
                          Average mapped length |	193.69
                       Number of splices: Total |	43568216
            Number of splices: Annotated (sjdb) |	42006588
                       Number of splices: GT/AG |	43003053
                       Number of splices: GC/AG |	352162
                       Number of splices: AT/AC |	35273
               Number of splices: Non-canonical |	177728
                      Mismatch rate per base, % |	0.79%
                         Deletion rate per base |	0.06%
                        Deletion average length |	2.06
                        Insertion rate per base |	0.04%
                       Insertion average length |	2.03
                             MULTI-MAPPING READS:
        Number of reads mapped to multiple loci |	2932668
             % of reads mapped to multiple loci |	3.13%
        Number of reads mapped to too many loci |	156879
             % of reads mapped to too many loci |	0.17%
                                  UNMAPPED READS:
       % of reads unmapped: too many mismatches |	0.00%
                 % of reads unmapped: too short |	3.00%
                     % of reads unmapped: other |	0.08%
                                  CHIMERIC READS:
                       Number of chimeric reads |	0
                            % of chimeric reads |	0.00%
