           Time    Speed        Read     Read   Mapped   Mapped   Mapped   Mapped Unmapped Unmapped Unmapped Unmapped
                    M/hr      number   length   unique   length   MMrate    multi   multi+       MM    short    other
May 16 18:49:20      5.9      111789      195    93.7%    194.0     0.8%     2.9%     0.2%     0.0%     3.3%     0.1%
May 16 18:50:26    101.7     3784433      195    93.5%    194.0     0.8%     3.0%     0.1%     0.0%     3.3%     0.1%
May 16 18:51:27    125.3     6786281      195    93.5%    194.0     0.8%     3.0%     0.1%     0.0%     3.3%     0.1%
May 16 18:52:28    139.2     9899194      195    93.5%    194.0     0.8%     3.0%     0.1%     0.0%     3.3%     0.1%
May 16 18:53:28    133.0    11672384      195    93.5%    194.0     0.8%     3.0%     0.1%     0.0%     3.3%     0.1%
May 16 18:54:28    128.7    13445615      195    93.5%    194.0     0.8%     3.0%     0.1%     0.0%     3.3%     0.1%
May 16 18:55:34    131.2    16103995      195    93.5%    194.0     0.8%     3.0%     0.1%     0.0%     3.3%     0.1%
May 16 18:56:42    134.0    18984276      195    93.5%    194.0     0.8%     3.0%     0.1%     0.0%     3.3%     0.1%
May 16 18:57:45    133.2    21199719      195    93.5%    194.0     0.8%     3.0%     0.1%     0.0%     3.3%     0.1%
May 16 18:58:47    139.7    24633607      195    93.5%    194.0     0.8%     3.0%     0.1%     0.0%     3.3%     0.1%
May 16 18:59:48    140.0    27070490      195    93.5%    194.0     0.8%     3.0%     0.1%     0.0%     3.3%     0.1%
May 16 19:00:49    141.4    29729678      195    93.5%    194.0     0.8%     3.0%     0.1%     0.0%     3.3%     0.1%
May 16 19:01:54    142.8    32609467      195    93.5%    194.0     0.8%     3.0%     0.1%     0.0%     3.3%     0.1%
May 16 19:02:57    143.5    35267830      195    93.5%    194.0     0.8%     3.0%     0.1%     0.0%     3.3%     0.1%
May 16 19:04:03    144.0    38037252      195    93.5%    194.0     0.8%     3.0%     0.1%     0.0%     3.3%     0.1%
May 16 19:05:08    142.6    40252610      195    93.5%    194.0     0.8%     3.0%     0.1%     0.0%     3.3%     0.1%
May 16 19:06:08    138.8    41471402      195    93.5%    194.0     0.8%     3.0%     0.1%     0.0%     3.3%     0.1%
May 16 19:07:10    137.9    43575943      195    93.5%    194.0     0.8%     3.0%     0.1%     0.0%     3.3%     0.1%
May 16 19:08:10    137.9    45901952      195    93.5%    194.0     0.8%     3.0%     0.1%     0.0%     3.3%     0.1%
May 16 19:09:11    137.0    47895825      195    93.5%    194.0     0.8%     3.0%     0.1%     0.0%     3.3%     0.1%
May 16 19:10:13    136.0    49889470      195    93.5%    194.0     0.8%     3.0%     0.1%     0.0%     3.3%     0.1%
May 16 19:11:15    135.1    51883159      195    93.5%    194.0     0.8%     3.0%     0.1%     0.0%     3.3%     0.1%
May 16 19:12:16    132.4    53101410      195    93.5%    194.0     0.8%     3.0%     0.1%     0.0%     3.3%     0.1%
May 16 19:13:16    131.6    54984495      195    93.5%    194.0     0.8%     3.0%     0.1%     0.0%     3.3%     0.1%
May 16 19:14:16    131.4    57088808      195    93.5%    194.0     0.8%     3.0%     0.1%     0.0%     3.3%     0.1%
May 16 19:15:20    127.5    57642469      195    93.5%    194.0     0.8%     3.0%     0.1%     0.0%     3.3%     0.1%
May 16 19:16:32    127.5    60189920      195    93.5%    194.0     0.8%     3.0%     0.1%     0.0%     3.3%     0.1%
May 16 19:17:39    126.7    62183423      195    93.5%    194.0     0.8%     3.0%     0.1%     0.0%     3.3%     0.1%
May 16 19:18:39    125.4    63623516      195    93.5%    194.0     0.8%     3.0%     0.1%     0.0%     3.3%     0.1%
May 16 19:19:45    123.9    65174489      195    93.5%    194.0     0.8%     3.0%     0.1%     0.0%     3.3%     0.1%
May 16 19:21:00    123.5    67500411      195    93.5%    194.0     0.8%     3.0%     0.1%     0.0%     3.3%     0.1%
May 16 19:22:01    121.9    68718419      195    93.5%    194.0     0.8%     3.0%     0.1%     0.0%     3.3%     0.1%
May 16 19:23:07    121.5    70711928      195    93.5%    194.0     0.8%     3.0%     0.1%     0.0%     3.3%     0.1%
May 16 19:24:24    120.9    72927182      195    93.5%    194.0     0.8%     3.0%     0.1%     0.0%     3.3%     0.1%
May 16 19:25:29    120.9    75142275      195    93.5%    194.0     0.8%     3.0%     0.1%     0.0%     3.3%     0.1%
May 16 19:26:30    119.1    76028688      195    93.5%    194.0     0.8%     3.0%     0.1%     0.0%     3.3%     0.1%
May 16 19:27:46    118.3    78022555      195    93.5%    194.0     0.8%     3.0%     0.1%     0.0%     3.2%     0.1%
May 16 19:28:47    117.6    79572866      195    93.5%    194.0     0.8%     3.0%     0.1%     0.0%     3.2%     0.1%
May 16 19:29:53    116.1    80680749      195    93.5%    194.0     0.8%     3.0%     0.1%     0.0%     3.2%     0.1%
May 16 19:30:54    114.9    81788380      195    93.5%    194.0     0.8%     3.0%     0.1%     0.0%     3.2%     0.1%
May 16 19:32:17    112.8    82895790      195    93.5%    194.0     0.8%     3.0%     0.1%     0.0%     3.2%     0.1%
May 16 19:33:19    112.5    84557516      195    93.5%    194.0     0.8%     3.0%     0.1%     0.0%     3.2%     0.1%
May 16 19:34:20    111.0    85332504      195    93.5%    194.0     0.8%     3.0%     0.1%     0.0%     3.2%     0.1%
May 16 19:35:33    110.7    87326226      195    93.5%    194.0     0.8%     3.0%     0.1%     0.0%     3.2%     0.1%
May 16 19:36:36    108.9    87879779      195    93.5%    194.0     0.8%     3.0%     0.1%     0.0%     3.2%     0.1%
May 16 19:38:04    107.5    89320029      195    93.5%    194.0     0.8%     3.0%     0.1%     0.0%     3.2%     0.1%
May 16 19:39:17    107.3    91313428      195    93.5%    194.0     0.8%     3.0%     0.1%     0.0%     3.2%     0.1%
May 16 19:40:19    105.9    91977845      195    93.5%    194.0     0.8%     3.0%     0.1%     0.0%     3.2%     0.1%
May 16 19:41:23    105.0    93085850      195    93.5%    194.0     0.8%     3.0%     0.1%     0.0%     3.2%     0.1%
May 16 19:42:26    105.2    95079355      195    93.5%    194.0     0.8%     3.0%     0.1%     0.0%     3.2%     0.1%
May 16 19:43:34    103.6    95633001      195    93.5%    194.0     0.8%     3.0%     0.1%     0.0%     3.2%     0.1%
May 16 19:44:34    103.2    96962074      195    93.5%    194.0     0.8%     3.0%     0.1%     0.0%     3.2%     0.1%
May 16 19:45:37    102.4    97958751      195    93.5%    194.0     0.8%     3.0%     0.1%     0.0%     3.2%     0.1%
May 16 19:46:57    102.0    99841655      195    93.5%    194.0     0.8%     3.0%     0.1%     0.0%     3.2%     0.1%
May 16 19:47:59    101.1   100724694      195    93.5%    194.0     0.8%     3.0%     0.1%     0.0%     3.2%     0.1%
May 16 19:49:04    100.2   101608012      195    93.5%    194.0     0.8%     3.0%     0.1%     0.0%     3.2%     0.1%
May 16 20:40:51     55.0   103195984      195    93.5%    194.0     0.8%     3.0%     0.1%     0.0%     3.2%     0.1%
ALL DONE!
