                                 Started job on |	May 16 16:10:36
                             Started mapping on |	May 16 16:26:08
                                    Finished on |	May 16 18:39:56
       Mapping speed, Million of reads per hour |	39.97

                          Number of input reads |	89132979
                      Average input read length |	195
                                    UNIQUE READS:
                   Uniquely mapped reads number |	82131898
                        Uniquely mapped reads % |	92.15%
                          Average mapped length |	193.76
                       Number of splices: Total |	42753774
            Number of splices: Annotated (sjdb) |	41250712
                       Number of splices: GT/AG |	42207132
                       Number of splices: GC/AG |	345375
                       Number of splices: AT/AC |	34074
               Number of splices: Non-canonical |	167193
                      Mismatch rate per base, % |	0.78%
                         Deletion rate per base |	0.05%
                        Deletion average length |	2.00
                        Insertion rate per base |	0.04%
                       Insertion average length |	2.01
                             MULTI-MAPPING READS:
        Number of reads mapped to multiple loci |	3958210
             % of reads mapped to multiple loci |	4.44%
        Number of reads mapped to too many loci |	158935
             % of reads mapped to too many loci |	0.18%
                                  UNMAPPED READS:
       % of reads unmapped: too many mismatches |	0.00%
                 % of reads unmapped: too short |	3.16%
                     % of reads unmapped: other |	0.07%
                                  CHIMERIC READS:
                       Number of chimeric reads |	0
                            % of chimeric reads |	0.00%
