           Time    Speed        Read     Read   Mapped   Mapped   Mapped   Mapped Unmapped Unmapped Unmapped Unmapped
                    M/hr      number   length   unique   length   MMrate    multi   multi+       MM    short    other
May 17 16:49:08     94.8     1895566      195    92.7%    193.8     0.9%     3.9%     0.2%     0.0%     3.2%     0.1%
May 17 16:50:10     77.8     2897474      195    92.7%    193.8     0.8%     3.9%     0.2%     0.0%     3.2%     0.1%
May 17 16:51:21     90.0     5122721      195    92.7%    193.8     0.8%     3.9%     0.2%     0.0%     3.2%     0.1%
May 17 16:52:21     83.2     6123618      195    92.7%    193.8     0.8%     3.9%     0.2%     0.0%     3.2%     0.1%
May 17 16:53:40     85.0     8126381      195    92.7%    193.9     0.8%     3.9%     0.2%     0.0%     3.2%     0.1%
May 17 16:54:43     93.5    10571865      195    92.7%    193.9     0.8%     3.9%     0.2%     0.0%     3.1%     0.1%
May 17 16:55:43     87.5    11348791      195    92.7%    193.9     0.8%     3.9%     0.2%     0.0%     3.2%     0.1%
May 17 16:56:46     89.1    13123256      195    92.7%    193.8     0.8%     3.9%     0.2%     0.0%     3.2%     0.1%
May 17 16:57:48     93.3    15340389      195    92.7%    193.8     0.8%     3.9%     0.2%     0.0%     3.2%     0.1%
May 17 16:58:49     89.5    16227554      195    92.7%    193.8     0.8%     3.9%     0.2%     0.0%     3.2%     0.1%
May 17 17:00:18     91.6    18887917      195    92.7%    193.8     0.8%     3.9%     0.2%     0.0%     3.2%     0.1%
May 17 17:01:54     93.0    21658966      195    92.7%    193.8     0.8%     3.9%     0.2%     0.0%     3.2%     0.1%
May 17 17:03:21     95.1    24430699      195    92.7%    193.8     0.8%     3.9%     0.2%     0.0%     3.2%     0.1%
May 17 17:04:52     94.8    26759012      195    92.7%    193.8     0.8%     3.9%     0.2%     0.0%     3.1%     0.1%
May 17 17:05:55     96.3    28865486      195    92.7%    193.8     0.8%     3.9%     0.2%     0.0%     3.2%     0.1%
May 17 17:06:56     94.0    29751872      195    92.7%    193.8     0.8%     3.9%     0.2%     0.0%     3.1%     0.1%
May 17 17:07:58     95.4    31858075      195    92.7%    193.9     0.8%     3.9%     0.2%     0.0%     3.1%     0.1%
May 17 17:09:02     96.3    33853580      195    92.7%    193.9     0.8%     3.9%     0.2%     0.0%     3.1%     0.1%
May 17 17:10:10     93.8    34740186      195    92.7%    193.9     0.8%     3.9%     0.2%     0.0%     3.1%     0.1%
May 17 17:11:17     93.3    36292703      195    92.7%    193.8     0.8%     3.9%     0.2%     0.0%     3.1%     0.1%
May 17 17:12:26     94.3    38509763      195    92.7%    193.8     0.8%     3.9%     0.2%     0.0%     3.1%     0.1%
May 17 17:13:26     95.6    40615867      195    92.7%    193.8     0.8%     3.9%     0.2%     0.0%     3.1%     0.1%
May 17 17:14:32     94.6    41946374      195    92.7%    193.9     0.8%     3.9%     0.2%     0.0%     3.1%     0.1%
May 17 17:16:00     94.6    44274141      195    92.7%    193.9     0.8%     3.9%     0.2%     0.0%     3.1%     0.1%
May 17 17:17:00     95.3    46158684      195    92.7%    193.9     0.8%     3.9%     0.2%     0.0%     3.1%     0.1%
May 17 17:18:01     93.6    46934265      195    92.7%    193.9     0.8%     3.9%     0.2%     0.0%     3.1%     0.1%
May 17 17:19:11     94.6    49262063      195    92.7%    193.9     0.8%     3.9%     0.2%     0.0%     3.1%     0.1%
May 17 17:20:26     95.2    51590087      195    92.7%    193.9     0.8%     3.9%     0.2%     0.0%     3.1%     0.1%
May 17 17:21:26     96.6    53917870      195    92.7%    193.9     0.8%     3.9%     0.2%     0.0%     3.1%     0.1%
May 17 17:22:26     94.5    54361385      195    92.7%    193.9     0.8%     3.9%     0.2%     0.0%     3.1%     0.1%
May 17 17:23:43     94.9    56578356      195    92.7%    193.9     0.8%     3.9%     0.2%     0.0%     3.1%     0.1%
May 17 17:25:03     94.9    58684246      195    92.7%    193.9     0.8%     3.9%     0.2%     0.0%     3.1%     0.1%
May 17 17:26:35     95.1    61233593      195    92.7%    193.9     0.8%     3.9%     0.2%     0.0%     3.1%     0.1%
May 17 17:27:37     96.1    63561445      195    92.7%    193.9     0.8%     3.9%     0.2%     0.0%     3.1%     0.1%
May 17 17:28:37     96.5    65445951      195    92.7%    193.9     0.8%     3.9%     0.2%     0.0%     3.1%     0.1%
May 17 17:29:47     95.3    66443759      195    92.7%    193.9     0.8%     3.9%     0.2%     0.0%     3.1%     0.1%
May 17 17:31:17     95.2    68771605      195    92.7%    193.9     0.8%     3.9%     0.2%     0.0%     3.1%     0.1%
May 17 17:32:56     95.7    71764155      195    92.7%    193.9     0.8%     3.9%     0.2%     0.0%     3.1%     0.1%
May 17 17:34:12     96.4    74313571      195    92.7%    193.9     0.8%     3.9%     0.2%     0.0%     3.1%     0.1%
May 17 17:35:59     97.2    77860973      195    92.7%    193.9     0.8%     3.9%     0.2%     0.0%     3.1%     0.1%
May 17 17:37:06     97.7    80077850      195    92.7%    193.9     0.8%     3.9%     0.2%     0.0%     3.1%     0.1%
May 17 17:38:37     98.2    82959913      195    92.7%    193.9     0.8%     3.9%     0.2%     0.0%     3.1%     0.1%
May 17 17:39:41     98.8    85176994      195    92.7%    193.9     0.8%     3.9%     0.2%     0.0%     3.1%     0.1%
May 17 17:40:42     99.0    87061104      195    92.7%    193.9     0.8%     3.9%     0.2%     0.0%     3.1%     0.1%
May 17 17:41:47    100.3    90054057      195    92.7%    193.9     0.8%     3.9%     0.2%     0.0%     3.1%     0.1%
May 17 17:42:51    101.8    93157488      195    92.7%    193.9     0.8%     3.9%     0.2%     0.0%     3.1%     0.1%
May 17 17:43:51    103.2    96150509      195    92.7%    193.9     0.8%     3.9%     0.2%     0.0%     3.1%     0.1%
May 17 17:44:54    104.6    99295183      195    92.7%    193.9     0.8%     3.9%     0.2%     0.0%     3.1%     0.1%
May 17 17:57:29     85.8    99405975      195    92.7%    193.9     0.8%     3.9%     0.2%     0.0%     3.1%     0.1%
ALL DONE!
