                                 Started job on |	May 16 15:32:45
                             Started mapping on |	May 16 16:19:02
                                    Finished on |	May 16 18:28:08
       Mapping speed, Million of reads per hour |	52.18

                          Number of input reads |	112274080
                      Average input read length |	195
                                    UNIQUE READS:
                   Uniquely mapped reads number |	104827086
                        Uniquely mapped reads % |	93.37%
                          Average mapped length |	193.82
                       Number of splices: Total |	53304895
            Number of splices: Annotated (sjdb) |	51461584
                       Number of splices: GT/AG |	52629040
                       Number of splices: GC/AG |	426020
                       Number of splices: AT/AC |	42742
               Number of splices: Non-canonical |	207093
                      Mismatch rate per base, % |	0.79%
                         Deletion rate per base |	0.06%
                        Deletion average length |	2.02
                        Insertion rate per base |	0.04%
                       Insertion average length |	2.03
                             MULTI-MAPPING READS:
        Number of reads mapped to multiple loci |	3897195
             % of reads mapped to multiple loci |	3.47%
        Number of reads mapped to too many loci |	167231
             % of reads mapped to too many loci |	0.15%
                                  UNMAPPED READS:
       % of reads unmapped: too many mismatches |	0.00%
                 % of reads unmapped: too short |	2.94%
                     % of reads unmapped: other |	0.07%
                                  CHIMERIC READS:
                       Number of chimeric reads |	0
                            % of chimeric reads |	0.00%
