           Time    Speed        Read     Read   Mapped   Mapped   Mapped   Mapped Unmapped Unmapped Unmapped Unmapped
                    M/hr      number   length   unique   length   MMrate    multi   multi+       MM    short    other
May 17 16:48:56    127.3     2121598      194    94.0%    193.4     0.8%     2.5%     0.1%     0.0%     3.4%     0.1%
May 17 16:50:00     97.2     3347124      194    94.0%    193.4     0.8%     2.5%     0.1%     0.0%     3.3%     0.1%
May 17 16:51:02    110.1     5687219      194    94.0%    193.4     0.8%     2.5%     0.1%     0.0%     3.3%     0.1%
May 17 16:52:17     86.1     6244447      194    94.0%    193.4     0.8%     2.5%     0.1%     0.0%     3.3%     0.1%
May 17 16:53:20     90.4     8138591      194    94.0%    193.4     0.8%     2.5%     0.1%     0.0%     3.3%     0.1%
May 17 16:54:21     94.9    10144448      194    94.0%    193.4     0.8%     2.5%     0.1%     0.0%     3.3%     0.1%
May 17 16:55:27     88.1    11033344      194    94.0%    193.4     0.8%     2.5%     0.1%     0.0%     3.3%     0.1%
May 17 16:56:53     88.9    13253658      194    94.0%    193.4     0.8%     2.5%     0.1%     0.0%     3.3%     0.1%
May 17 16:57:54     92.5    15362890      194    94.0%    193.4     0.8%     2.5%     0.1%     0.0%     3.3%     0.1%
May 17 16:58:56     89.9    16473366      194    94.0%    193.4     0.8%     2.5%     0.1%     0.0%     3.3%     0.1%
May 17 17:00:13     91.9    18804632      194    94.0%    193.4     0.8%     2.5%     0.1%     0.0%     3.3%     0.1%
May 17 17:01:24     96.2    21580786      194    94.0%    193.4     0.8%     2.5%     0.1%     0.0%     3.3%     0.1%
May 17 17:02:50     92.3    22912807      194    94.0%    193.4     0.8%     2.5%     0.1%     0.0%     3.3%     0.1%
May 17 17:03:50     93.6    24800360      194    94.0%    193.4     0.8%     2.5%     0.1%     0.0%     3.3%     0.1%
May 17 17:04:50     92.8    26132312      194    94.0%    193.4     0.8%     2.5%     0.1%     0.0%     3.3%     0.1%
May 17 17:05:50     94.7    28241526      194    94.0%    193.4     0.8%     2.5%     0.1%     0.0%     3.3%     0.1%
May 17 17:06:53     92.6    29241058      194    94.0%    193.4     0.8%     2.5%     0.1%     0.0%     3.3%     0.1%
May 17 17:08:09     91.7    30906753      194    94.0%    193.4     0.8%     2.5%     0.1%     0.0%     3.3%     0.1%
May 17 17:09:25     91.3    32683499      194    94.0%    193.4     0.8%     2.5%     0.1%     0.0%     3.3%     0.1%
May 17 17:10:31     93.9    35347438      194    94.0%    193.4     0.8%     2.5%     0.1%     0.0%     3.3%     0.1%
May 17 17:11:35     92.2    36346904      194    94.0%    193.4     0.8%     2.5%     0.1%     0.0%     3.3%     0.1%
May 17 17:12:54     92.4    38455869      194    94.0%    193.4     0.8%     2.5%     0.1%     0.0%     3.3%     0.1%
May 17 17:14:28     92.7    41009025      194    94.0%    193.4     0.8%     2.5%     0.1%     0.0%     3.3%     0.1%
May 17 17:15:38     93.2    43007217      194    94.0%    193.4     0.8%     2.5%     0.1%     0.0%     3.3%     0.1%
May 17 17:16:38     94.1    45005507      194    94.0%    193.4     0.8%     2.5%     0.1%     0.0%     3.3%     0.1%
May 17 17:17:43     92.5    45894045      194    94.0%    193.4     0.8%     2.5%     0.1%     0.0%     3.3%     0.1%
May 17 17:19:17     92.5    48336103      194    94.0%    193.4     0.8%     2.5%     0.1%     0.0%     3.3%     0.1%
May 17 17:20:43     92.9    50777953      194    94.0%    193.4     0.8%     2.5%     0.1%     0.0%     3.3%     0.1%
May 17 17:21:58     92.8    52665040      194    94.0%    193.4     0.8%     2.5%     0.1%     0.0%     3.3%     0.1%
May 17 17:22:59     94.0    54885157      194    94.0%    193.4     0.8%     2.5%     0.1%     0.0%     3.3%     0.1%
May 17 17:23:59     93.4    56106708      194    94.0%    193.4     0.8%     2.5%     0.1%     0.0%     3.3%     0.1%
May 17 17:25:02     93.6    57882971      194    94.0%    193.4     0.8%     2.5%     0.1%     0.0%     3.3%     0.1%
May 17 17:26:06     94.1    59881057      194    94.0%    193.4     0.8%     2.5%     0.1%     0.0%     3.3%     0.1%
May 17 17:27:06     94.3    61546293      194    94.0%    193.4     0.8%     2.5%     0.1%     0.0%     3.3%     0.1%
May 17 17:28:07     94.2    63100370      194    94.0%    193.4     0.8%     2.5%     0.1%     0.0%     3.3%     0.1%
May 17 17:29:41     93.9    65320514      194    94.0%    193.4     0.8%     2.5%     0.1%     0.0%     3.3%     0.1%
May 17 17:30:43     94.7    67540699      194    94.0%    193.4     0.8%     2.5%     0.1%     0.0%     3.3%     0.1%
May 17 17:31:43     95.4    69649780      194    94.0%    193.4     0.8%     2.5%     0.1%     0.0%     3.3%     0.1%
May 17 17:32:50     94.9    70982057      194    94.0%    193.4     0.8%     2.5%     0.1%     0.0%     3.3%     0.1%
May 17 17:34:25     94.5    73202230      194    94.0%    193.4     0.8%     2.5%     0.1%     0.0%     3.3%     0.1%
May 17 17:35:28     96.5    76421064      194    94.0%    193.4     0.8%     2.5%     0.1%     0.0%     3.3%     0.1%
May 17 17:36:28     96.5    78086194      194    94.0%    193.4     0.8%     2.5%     0.1%     0.0%     3.3%     0.1%
May 17 17:37:29     96.0    79307454      194    94.0%    193.4     0.8%     2.5%     0.1%     0.0%     3.3%     0.1%
May 17 17:38:37     97.0    81971534      194    94.0%    193.4     0.8%     2.5%     0.1%     0.0%     3.3%     0.1%
May 17 17:39:37     98.4    84746804      194    94.0%    193.4     0.8%     2.5%     0.1%     0.0%     3.3%     0.1%
May 17 17:40:41     98.5    86633850      194    94.0%    193.4     0.8%     2.5%     0.1%     0.0%     3.3%     0.1%
May 17 17:41:42     99.9    89519695      194    94.0%    193.4     0.8%     2.5%     0.1%     0.0%     3.3%     0.1%
May 17 17:55:34     79.8    89944681      194    94.0%    193.4     0.8%     2.5%     0.1%     0.0%     3.3%     0.1%
ALL DONE!
