           Time    Speed        Read     Read   Mapped   Mapped   Mapped   Mapped Unmapped Unmapped Unmapped Unmapped
                    M/hr      number   length   unique   length   MMrate    multi   multi+       MM    short    other
May 17 16:49:11    107.4     2237116      194    80.6%    193.0     0.8%    16.1%     0.7%     0.0%     2.6%     0.1%
May 17 16:50:14     87.5     3353187      194    80.7%    193.1     0.8%    16.1%     0.7%     0.0%     2.5%     0.1%
May 17 16:51:14     99.5     5473972      194    80.6%    193.1     0.8%    16.1%     0.7%     0.0%     2.5%     0.1%
May 17 16:52:17     81.7     5920247      194    80.6%    193.1     0.8%    16.1%     0.7%     0.0%     2.5%     0.1%
May 17 16:53:20     90.6     8152396      194    80.6%    193.1     0.8%    16.1%     0.7%     0.0%     2.5%     0.1%
May 17 16:54:24     91.2     9828320      194    80.6%    193.1     0.8%    16.1%     0.7%     0.0%     2.5%     0.1%
May 17 16:55:33     85.3    10829468      194    80.6%    193.1     0.8%    16.1%     0.7%     0.0%     2.5%     0.1%
May 17 16:56:49     88.2    13054166      194    80.6%    193.1     0.8%    16.1%     0.7%     0.0%     2.5%     0.1%
May 17 16:57:52     90.9    15055632      194    80.6%    193.1     0.8%    16.2%     0.7%     0.0%     2.5%     0.1%
May 17 16:58:53     89.8    16390504      194    80.6%    193.1     0.8%    16.2%     0.7%     0.0%     2.5%     0.1%
May 17 17:00:07     91.1    18503552      194    80.6%    193.1     0.8%    16.2%     0.7%     0.0%     2.5%     0.1%
May 17 17:01:47     91.7    21172768      194    80.6%    193.1     0.8%    16.2%     0.7%     0.0%     2.5%     0.1%
May 17 17:02:47     90.5    22396093      194    80.6%    193.1     0.8%    16.2%     0.7%     0.0%     2.5%     0.1%
May 17 17:04:39     87.6    24398176      194    80.6%    193.1     0.8%    16.2%     0.7%     0.0%     2.5%     0.1%
May 17 17:05:43     90.2    26733430      194    80.6%    193.1     0.8%    16.2%     0.7%     0.0%     2.5%     0.1%
May 17 17:06:46     90.1    28290712      194    80.6%    193.1     0.8%    16.2%     0.7%     0.0%     2.5%     0.1%
May 17 17:07:54     89.7    29847680      194    80.5%    193.1     0.8%    16.2%     0.7%     0.0%     2.5%     0.1%
May 17 17:09:26     87.3    31293662      194    80.5%    193.1     0.8%    16.2%     0.7%     0.0%     2.5%     0.1%
May 17 17:10:43     90.9    34518650      194    80.5%    193.1     0.8%    16.2%     0.7%     0.0%     2.5%     0.1%
May 17 17:11:51     91.1    36297817      194    80.5%    193.1     0.8%    16.2%     0.7%     0.0%     2.5%     0.1%
May 17 17:13:04     89.0    37298103      194    80.5%    193.1     0.8%    16.2%     0.7%     0.0%     2.5%     0.1%
May 17 17:14:21     91.0    40078668      194    80.5%    193.1     0.8%    16.2%     0.7%     0.0%     2.5%     0.1%
May 17 17:15:46     91.4    42413947      194    80.5%    193.1     0.8%    16.2%     0.7%     0.0%     2.5%     0.1%
May 17 17:16:47     91.9    44193260      194    80.5%    193.1     0.8%    16.2%     0.7%     0.0%     2.5%     0.1%
May 17 17:17:53     90.1    44971952      194    80.5%    193.1     0.8%    16.2%     0.7%     0.0%     2.5%     0.1%
May 17 17:19:04     91.2    47307009      194    80.5%    193.1     0.8%    16.2%     0.7%     0.0%     2.5%     0.1%
May 17 17:20:45     90.6    49530892      194    80.5%    193.1     0.8%    16.2%     0.7%     0.0%     2.5%     0.1%
May 17 17:21:51     91.4    51644150      194    80.5%    193.1     0.8%    16.3%     0.7%     0.0%     2.5%     0.1%
May 17 17:22:51     92.0    53534141      194    80.5%    193.1     0.8%    16.3%     0.7%     0.0%     2.5%     0.1%
May 17 17:23:53     91.4    54757591      194    80.5%    193.1     0.8%    16.3%     0.7%     0.0%     2.5%     0.1%
May 17 17:24:56     91.5    56425700      194    80.5%    193.1     0.8%    16.3%     0.7%     0.0%     2.5%     0.1%
May 17 17:25:57     91.5    57982410      194    80.5%    193.1     0.8%    16.3%     0.7%     0.0%     2.5%     0.1%
May 17 17:26:57     91.9    59761898      194    80.5%    193.1     0.8%    16.3%     0.7%     0.0%     2.5%     0.1%
May 17 17:28:00     92.2    61541328      194    80.5%    193.1     0.8%    16.3%     0.7%     0.0%     2.5%     0.1%
May 17 17:29:01     93.3    63876439      194    80.5%    193.1     0.8%    16.3%     0.7%     0.0%     2.5%     0.1%
May 17 17:30:08     91.8    64543844      194    80.5%    193.1     0.8%    16.3%     0.7%     0.0%     2.5%     0.1%
May 17 17:31:20     92.0    66545523      194    80.5%    193.1     0.8%    16.3%     0.7%     0.0%     2.5%     0.1%
May 17 17:32:21     91.8    67990831      194    80.5%    193.1     0.8%    16.3%     0.7%     0.0%     2.5%     0.1%
May 17 17:33:21     93.3    70659929      194    80.5%    193.1     0.8%    16.3%     0.7%     0.0%     2.5%     0.1%
May 17 17:34:21     92.9    71883164      194    80.5%    193.1     0.8%    16.3%     0.7%     0.0%     2.5%     0.1%
May 17 17:35:57     93.9    75107477      194    80.5%    193.1     0.8%    16.3%     0.7%     0.0%     2.5%     0.1%
May 17 17:36:59     94.3    77109402      194    80.5%    193.1     0.8%    16.3%     0.7%     0.0%     2.5%     0.1%
May 17 17:37:59     96.0    80111569      194    80.4%    193.1     0.8%    16.4%     0.7%     0.0%     2.5%     0.1%
May 17 17:39:01     95.0    80890327      194    80.4%    193.1     0.8%    16.4%     0.7%     0.0%     2.5%     0.1%
May 17 17:56:37     71.9    82271141      194    80.4%    193.1     0.8%    16.4%     0.7%     0.0%     2.4%     0.1%
ALL DONE!
