                                 Started job on |	May 17 16:41:42
                             Started mapping on |	May 17 16:47:56
                                    Finished on |	May 17 17:49:44
       Mapping speed, Million of reads per hour |	69.82

                          Number of input reads |	71914059
                      Average input read length |	194
                                    UNIQUE READS:
                   Uniquely mapped reads number |	63953461
                        Uniquely mapped reads % |	88.93%
                          Average mapped length |	192.35
                       Number of splices: Total |	32482274
            Number of splices: Annotated (sjdb) |	31335397
                       Number of splices: GT/AG |	32069986
                       Number of splices: GC/AG |	259450
                       Number of splices: AT/AC |	25078
               Number of splices: Non-canonical |	127760
                      Mismatch rate per base, % |	0.91%
                         Deletion rate per base |	0.05%
                        Deletion average length |	2.02
                        Insertion rate per base |	0.04%
                       Insertion average length |	2.02
                             MULTI-MAPPING READS:
        Number of reads mapped to multiple loci |	3023740
             % of reads mapped to multiple loci |	4.20%
        Number of reads mapped to too many loci |	143856
             % of reads mapped to too many loci |	0.20%
                                  UNMAPPED READS:
       % of reads unmapped: too many mismatches |	0.00%
                 % of reads unmapped: too short |	6.59%
                     % of reads unmapped: other |	0.07%
                                  CHIMERIC READS:
                       Number of chimeric reads |	0
                            % of chimeric reads |	0.00%
