           Time    Speed        Read     Read   Mapped   Mapped   Mapped   Mapped Unmapped Unmapped Unmapped Unmapped
                    M/hr      number   length   unique   length   MMrate    multi   multi+       MM    short    other
May 17 16:49:13    104.5     2236149      194    89.2%    192.7     1.0%     4.1%     0.2%     0.0%     6.4%     0.1%
May 17 16:50:15     81.0     3129049      194    89.3%    192.7     1.0%     4.2%     0.2%     0.0%     6.3%     0.1%
May 17 16:51:26     97.7     5696679      194    89.3%    192.7     0.9%     4.2%     0.2%     0.0%     6.2%     0.1%
May 17 16:52:27     89.0     6701760      194    89.4%    192.7     0.9%     4.2%     0.2%     0.0%     6.2%     0.1%
May 17 16:53:28     86.0     7929814      194    89.4%    192.7     0.9%     4.2%     0.2%     0.0%     6.2%     0.1%
May 17 16:54:30     92.9    10162936      194    89.4%    192.7     1.0%     4.2%     0.2%     0.0%     6.1%     0.1%
May 17 16:55:37     84.6    10830075      194    89.4%    192.7     1.0%     4.2%     0.2%     0.0%     6.2%     0.1%
May 17 16:56:52     87.7    13055454      194    89.4%    192.6     1.0%     4.2%     0.2%     0.0%     6.2%     0.1%
May 17 16:57:53     92.1    15278558      194    89.4%    192.7     1.0%     4.2%     0.2%     0.0%     6.2%     0.1%
May 17 16:58:54     87.8    16056680      194    89.4%    192.7     1.0%     4.2%     0.2%     0.0%     6.2%     0.1%
May 17 16:59:56     91.4    18283909      194    89.3%    192.6     1.0%     4.2%     0.2%     0.0%     6.2%     0.1%
May 17 17:00:59     96.8    21063081      194    89.4%    192.7     0.9%     4.2%     0.2%     0.0%     6.2%     0.1%
May 17 17:02:06     91.1    21507536      194    89.4%    192.7     0.9%     4.2%     0.2%     0.0%     6.2%     0.1%
May 17 17:03:29     92.0    23842565      194    89.3%    192.7     0.9%     4.2%     0.2%     0.0%     6.3%     0.1%
May 17 17:04:33     93.7    25956274      194    89.3%    192.7     0.9%     4.2%     0.2%     0.0%     6.2%     0.1%
May 17 17:05:35     93.5    27513756      194    89.3%    192.7     0.9%     4.2%     0.2%     0.0%     6.2%     0.1%
May 17 17:06:43     90.7    28403184      194    89.3%    192.7     0.9%     4.2%     0.2%     0.0%     6.2%     0.1%
May 17 17:08:03     92.3    30959815      194    89.3%    192.7     0.9%     4.2%     0.2%     0.0%     6.2%     0.1%
May 17 17:09:04     93.3    32849319      194    89.4%    192.7     0.9%     4.2%     0.2%     0.0%     6.2%     0.1%
May 17 17:10:05     91.1    33627310      194    89.4%    192.7     0.9%     4.2%     0.2%     0.0%     6.2%     0.1%
May 17 17:11:08     91.3    35295293      194    89.4%    192.7     0.9%     4.2%     0.2%     0.0%     6.2%     0.1%
May 17 17:12:09     91.9    37077342      194    88.9%    192.7     0.9%     4.2%     0.2%     0.0%     6.7%     0.1%
May 17 17:13:14     91.1    38413158      194    88.7%    192.7     0.9%     4.2%     0.2%     0.0%     6.9%     0.1%
May 17 17:14:18     91.7    40307524      194    88.7%    192.6     0.9%     4.2%     0.2%     0.0%     6.9%     0.1%
May 17 17:15:30     92.6    42538420      194    88.7%    192.6     0.9%     4.2%     0.2%     0.0%     6.8%     0.1%
May 17 17:16:33     91.3    43542198      194    88.7%    192.6     0.9%     4.2%     0.2%     0.0%     6.8%     0.1%
May 17 17:17:49     91.5    45551274      194    88.8%    192.6     0.9%     4.2%     0.2%     0.0%     6.8%     0.1%
May 17 17:19:12     92.1    48005120      194    88.8%    192.5     0.9%     4.2%     0.2%     0.0%     6.8%     0.1%
May 17 17:20:17     93.2    50234970      194    88.8%    192.5     0.9%     4.2%     0.2%     0.0%     6.7%     0.1%
May 17 17:21:24     92.5    51572711      194    88.8%    192.5     0.9%     4.2%     0.2%     0.0%     6.7%     0.1%
May 17 17:22:24     92.7    53244277      194    88.8%    192.5     0.9%     4.2%     0.2%     0.0%     6.7%     0.1%
May 17 17:23:24     92.2    54471634      194    88.8%    192.5     0.9%     4.2%     0.2%     0.0%     6.7%     0.1%
May 17 17:24:26     92.8    56477744      194    88.9%    192.5     0.9%     4.2%     0.2%     0.0%     6.7%     0.1%
May 17 17:25:28     91.4    57146857      194    88.9%    192.5     0.9%     4.2%     0.2%     0.0%     6.7%     0.1%
May 17 17:26:39     92.0    59375415      194    88.9%    192.4     0.9%     4.2%     0.2%     0.0%     6.7%     0.1%
May 17 17:27:59     92.5    61716462      194    88.9%    192.4     0.9%     4.2%     0.2%     0.0%     6.6%     0.1%
May 17 17:29:38     92.3    64171856      194    88.9%    192.4     0.9%     4.2%     0.2%     0.0%     6.6%     0.1%
May 17 17:31:12     92.4    66627271      194    88.9%    192.4     0.9%     4.2%     0.2%     0.0%     6.6%     0.1%
May 17 17:32:46     92.9    69415150      194    88.9%    192.4     0.9%     4.2%     0.2%     0.0%     6.6%     0.1%
May 17 17:33:58     93.7    71914059      194    88.9%    192.4     0.9%     4.2%     0.2%     0.0%     6.6%     0.1%
May 17 17:49:44     69.8    71914059      194    88.9%    192.4     0.9%     4.2%     0.2%     0.0%     6.6%     0.1%
ALL DONE!
